Namespace(batch_norm=False, batch_size=32, batchnorm_layout='NCHW', conv_layout='NCHW', crop_ratio=0.875, dali_fuse_decoder=1, dali_nvjpeg_memory_padding=64, dali_prefetch_queue=2, dali_separ_val=False, dali_threads=3, dali_validation_threads=10, data_backend='dali-gpu', data_dir='/data/imagenet/train-480-val-256-recordio', data_pred=None, data_val_resize=256, dtype='float32', flag=1, hard_weight=0.5, image_shape=[3, 224, 224], input_layout='NCHW', input_size=224, kv_store='device', label_smoothing=False, last_gamma=False, log_interval=50, logging_file='train_imagenet.log', lr=0.1, lr_decay=0.1, lr_decay_epoch='40,60', lr_decay_period=0, lr_mode='step', mixup=False, mixup_alpha=0.2, mixup_off_epoch=0, mode=None, model='resnet18_v1', momentum=0.9, no_wd=False, num_epochs=3, num_examples=1281167, num_gpus=2, num_training_samples=1281167, num_workers=4, pooling_layout='NCHW', rec_train='/data/imagenet/train-480-val-256-recordio/train.rec', rec_train_idx='/data/imagenet/train-480-val-256-recordio/train.idx', rec_val='/data/imagenet/train-480-val-256-recordio/val.rec', rec_val_idx='/data/imagenet/train-480-val-256-recordio/val.idx', resume_epoch=0, resume_params='', resume_states='', rgb_mean=[123.68, 116.779, 103.939], rgb_std=[58.393, 57.12, 57.375], save_dir='params', save_frequency=10, teacher=None, temperature=20, use_gn=False, use_pretrained=False, use_rec=True, use_se=False, warmup_epochs=0, warmup_lr=0.0, wd=0.0001)
DALI iterator does not support resetting while epoch is not finished. Ignoring...
Epoch[0] Batch [50]	Speed: 754.984967 samples/sec	accuracy=0.000937	lr=0.100000
Epoch[0] Batch [100]	Speed: 1278.783262 samples/sec	accuracy=0.000859	lr=0.100000
Epoch[0] Batch [150]	Speed: 1293.040512 samples/sec	accuracy=0.001615	lr=0.100000
Epoch[0] Batch [200]	Speed: 1296.391331 samples/sec	accuracy=0.001758	lr=0.100000
Epoch[0] Batch [250]	Speed: 1314.783438 samples/sec	accuracy=0.001969	lr=0.100000
Epoch[0] Batch [300]	Speed: 1302.366792 samples/sec	accuracy=0.002266	lr=0.100000
Epoch[0] Batch [350]	Speed: 1302.877353 samples/sec	accuracy=0.002589	lr=0.100000
Epoch[0] Batch [400]	Speed: 1297.232519 samples/sec	accuracy=0.002871	lr=0.100000
Epoch[0] Batch [450]	Speed: 1302.689441 samples/sec	accuracy=0.003351	lr=0.100000
Epoch[0] Batch [500]	Speed: 1303.233787 samples/sec	accuracy=0.003516	lr=0.100000
Epoch[0] Batch [550]	Speed: 1295.604634 samples/sec	accuracy=0.003793	lr=0.100000
Epoch[0] Batch [600]	Speed: 1295.028154 samples/sec	accuracy=0.004102	lr=0.100000
Epoch[0] Batch [650]	Speed: 1301.641432 samples/sec	accuracy=0.004351	lr=0.100000
Epoch[0] Batch [700]	Speed: 1301.837565 samples/sec	accuracy=0.004598	lr=0.100000
Epoch[0] Batch [750]	Speed: 1301.542852 samples/sec	accuracy=0.004917	lr=0.100000
Epoch[0] Batch [800]	Speed: 1305.877160 samples/sec	accuracy=0.005352	lr=0.100000
Epoch[0] Batch [850]	Speed: 1297.055570 samples/sec	accuracy=0.005699	lr=0.100000
Epoch[0] Batch [900]	Speed: 1290.830371 samples/sec	accuracy=0.006111	lr=0.100000
Epoch[0] Batch [950]	Speed: 1332.050103 samples/sec	accuracy=0.006414	lr=0.100000
Epoch[0] Batch [1000]	Speed: 1360.981968 samples/sec	accuracy=0.006852	lr=0.100000
Epoch[0] Batch [1050]	Speed: 1353.898316 samples/sec	accuracy=0.007269	lr=0.100000
Epoch[0] Batch [1100]	Speed: 1375.528763 samples/sec	accuracy=0.007777	lr=0.100000
Epoch[0] Batch [1150]	Speed: 1400.399082 samples/sec	accuracy=0.008281	lr=0.100000
Epoch[0] Batch [1200]	Speed: 1416.081437 samples/sec	accuracy=0.008867	lr=0.100000
Epoch[0] Batch [1250]	Speed: 1402.861931 samples/sec	accuracy=0.009213	lr=0.100000
Epoch[0] Batch [1300]	Speed: 1373.177869 samples/sec	accuracy=0.009748	lr=0.100000
Epoch[0] Batch [1350]	Speed: 1281.712065 samples/sec	accuracy=0.010307	lr=0.100000
Epoch[0] Batch [1400]	Speed: 1294.348514 samples/sec	accuracy=0.010720	lr=0.100000
Epoch[0] Batch [1450]	Speed: 1306.181466 samples/sec	accuracy=0.011234	lr=0.100000
Epoch[0] Batch [1500]	Speed: 1174.105694 samples/sec	accuracy=0.011708	lr=0.100000
Epoch[0] Batch [1550]	Speed: 1171.953803 samples/sec	accuracy=0.012268	lr=0.100000
Epoch[0] Batch [1600]	Speed: 1233.873083 samples/sec	accuracy=0.012808	lr=0.100000
Epoch[0] Batch [1650]	Speed: 1291.232415 samples/sec	accuracy=0.013385	lr=0.100000
Epoch[0] Batch [1700]	Speed: 1285.088631 samples/sec	accuracy=0.013911	lr=0.100000
Epoch[0] Batch [1750]	Speed: 1291.482399 samples/sec	accuracy=0.014469	lr=0.100000
Epoch[0] Batch [1800]	Speed: 1285.780135 samples/sec	accuracy=0.015182	lr=0.100000
Epoch[0] Batch [1850]	Speed: 1280.839356 samples/sec	accuracy=0.015739	lr=0.100000
Epoch[0] Batch [1900]	Speed: 1290.238286 samples/sec	accuracy=0.016390	lr=0.100000
Epoch[0] Batch [1950]	Speed: 1286.628571 samples/sec	accuracy=0.016999	lr=0.100000
Epoch[0] Batch [2000]	Speed: 1285.662636 samples/sec	accuracy=0.017684	lr=0.100000
Epoch[0] Batch [2050]	Speed: 1287.562299 samples/sec	accuracy=0.018377	lr=0.100000
Epoch[0] Batch [2100]	Speed: 1289.174854 samples/sec	accuracy=0.018999	lr=0.100000
Epoch[0] Batch [2150]	Speed: 1283.457679 samples/sec	accuracy=0.019724	lr=0.100000
Epoch[0] Batch [2200]	Speed: 1274.509251 samples/sec	accuracy=0.020341	lr=0.100000
Epoch[0] Batch [2250]	Speed: 1193.702318 samples/sec	accuracy=0.020976	lr=0.100000
Epoch[0] Batch [2300]	Speed: 1276.764061 samples/sec	accuracy=0.021654	lr=0.100000
Epoch[0] Batch [2350]	Speed: 1283.873994 samples/sec	accuracy=0.022244	lr=0.100000
Epoch[0] Batch [2400]	Speed: 1287.238149 samples/sec	accuracy=0.022952	lr=0.100000
Epoch[0] Batch [2450]	Speed: 1281.148796 samples/sec	accuracy=0.023699	lr=0.100000
Epoch[0] Batch [2500]	Speed: 1296.540293 samples/sec	accuracy=0.024413	lr=0.100000
Epoch[0] Batch [2550]	Speed: 1289.227854 samples/sec	accuracy=0.024948	lr=0.100000
Epoch[0] Batch [2600]	Speed: 1282.863999 samples/sec	accuracy=0.025607	lr=0.100000
Epoch[0] Batch [2650]	Speed: 1277.792449 samples/sec	accuracy=0.026259	lr=0.100000
Epoch[0] Batch [2700]	Speed: 1421.028594 samples/sec	accuracy=0.026918	lr=0.100000
Epoch[0] Batch [2750]	Speed: 1397.244284 samples/sec	accuracy=0.027716	lr=0.100000
Epoch[0] Batch [2800]	Speed: 1380.582887 samples/sec	accuracy=0.028365	lr=0.100000
Epoch[0] Batch [2850]	Speed: 1393.919647 samples/sec	accuracy=0.028997	lr=0.100000
Epoch[0] Batch [2900]	Speed: 1378.394457 samples/sec	accuracy=0.029733	lr=0.100000
Epoch[0] Batch [2950]	Speed: 1400.477258 samples/sec	accuracy=0.030387	lr=0.100000
Epoch[0] Batch [3000]	Speed: 1384.825402 samples/sec	accuracy=0.031083	lr=0.100000
Epoch[0] Batch [3050]	Speed: 1403.888645 samples/sec	accuracy=0.031821	lr=0.100000
Epoch[0] Batch [3100]	Speed: 1396.553922 samples/sec	accuracy=0.032530	lr=0.100000
Epoch[0] Batch [3150]	Speed: 1403.771400 samples/sec	accuracy=0.033130	lr=0.100000
Epoch[0] Batch [3200]	Speed: 1360.880335 samples/sec	accuracy=0.033821	lr=0.100000
Epoch[0] Batch [3250]	Speed: 1311.858011 samples/sec	accuracy=0.034538	lr=0.100000
Epoch[0] Batch [3300]	Speed: 1369.502344 samples/sec	accuracy=0.035208	lr=0.100000
Epoch[0] Batch [3350]	Speed: 1363.887366 samples/sec	accuracy=0.035835	lr=0.100000
Epoch[0] Batch [3400]	Speed: 1376.241176 samples/sec	accuracy=0.036443	lr=0.100000
Epoch[0] Batch [3450]	Speed: 1258.728726 samples/sec	accuracy=0.037129	lr=0.100000
Epoch[0] Batch [3500]	Speed: 1259.951225 samples/sec	accuracy=0.037714	lr=0.100000
Epoch[0] Batch [3550]	Speed: 1281.731465 samples/sec	accuracy=0.038400	lr=0.100000
Epoch[0] Batch [3600]	Speed: 1284.081454 samples/sec	accuracy=0.039049	lr=0.100000
Epoch[0] Batch [3650]	Speed: 1404.896202 samples/sec	accuracy=0.039705	lr=0.100000
Epoch[0] Batch [3700]	Speed: 1427.866778 samples/sec	accuracy=0.040342	lr=0.100000
Epoch[0] Batch [3750]	Speed: 1430.771129 samples/sec	accuracy=0.041065	lr=0.100000
Epoch[0] Batch [3800]	Speed: 1320.019823 samples/sec	accuracy=0.041737	lr=0.100000
Epoch[0] Batch [3850]	Speed: 1388.529448 samples/sec	accuracy=0.042380	lr=0.100000
Epoch[0] Batch [3900]	Speed: 1400.151096 samples/sec	accuracy=0.043087	lr=0.100000
Epoch[0] Batch [3950]	Speed: 1409.988195 samples/sec	accuracy=0.043705	lr=0.100000
Epoch[0] Batch [4000]	Speed: 1392.129460 samples/sec	accuracy=0.044361	lr=0.100000
Epoch[0] Batch [4050]	Speed: 1388.278468 samples/sec	accuracy=0.045093	lr=0.100000
Epoch[0] Batch [4100]	Speed: 1381.478620 samples/sec	accuracy=0.045846	lr=0.100000
Epoch[0] Batch [4150]	Speed: 1388.775345 samples/sec	accuracy=0.046485	lr=0.100000
Epoch[0] Batch [4200]	Speed: 1378.419088 samples/sec	accuracy=0.047186	lr=0.100000
Epoch[0] Batch [4250]	Speed: 1386.938859 samples/sec	accuracy=0.047871	lr=0.100000
Epoch[0] Batch [4300]	Speed: 1387.756046 samples/sec	accuracy=0.048494	lr=0.100000
Epoch[0] Batch [4350]	Speed: 1380.860144 samples/sec	accuracy=0.049158	lr=0.100000
Epoch[0] Batch [4400]	Speed: 1373.754188 samples/sec	accuracy=0.049851	lr=0.100000
Epoch[0] Batch [4450]	Speed: 1362.680581 samples/sec	accuracy=0.050541	lr=0.100000
Epoch[0] Batch [4500]	Speed: 1372.527009 samples/sec	accuracy=0.051253	lr=0.100000
Epoch[0] Batch [4550]	Speed: 1359.471525 samples/sec	accuracy=0.051849	lr=0.100000
Epoch[0] Batch [4600]	Speed: 1374.754142 samples/sec	accuracy=0.052534	lr=0.100000
Epoch[0] Batch [4650]	Speed: 1371.354703 samples/sec	accuracy=0.053196	lr=0.100000
Epoch[0] Batch [4700]	Speed: 1366.844727 samples/sec	accuracy=0.053973	lr=0.100000
Epoch[0] Batch [4750]	Speed: 1398.869254 samples/sec	accuracy=0.054715	lr=0.100000
Epoch[0] Batch [4800]	Speed: 1400.170815 samples/sec	accuracy=0.055321	lr=0.100000
Epoch[0] Batch [4850]	Speed: 1397.971948 samples/sec	accuracy=0.056045	lr=0.100000
Epoch[0] Batch [4900]	Speed: 1399.721876 samples/sec	accuracy=0.056674	lr=0.100000
Epoch[0] Batch [4950]	Speed: 1426.006271 samples/sec	accuracy=0.057312	lr=0.100000
Epoch[0] Batch [5000]	Speed: 1420.154934 samples/sec	accuracy=0.057948	lr=0.100000
Epoch[0] Batch [5050]	Speed: 1421.705420 samples/sec	accuracy=0.058634	lr=0.100000
Epoch[0] Batch [5100]	Speed: 1420.176498 samples/sec	accuracy=0.059341	lr=0.100000
Epoch[0] Batch [5150]	Speed: 1410.239752 samples/sec	accuracy=0.060000	lr=0.100000
Epoch[0] Batch [5200]	Speed: 1405.015841 samples/sec	accuracy=0.060664	lr=0.100000
Epoch[0] Batch [5250]	Speed: 1408.817740 samples/sec	accuracy=0.061251	lr=0.100000
Epoch[0] Batch [5300]	Speed: 1408.059320 samples/sec	accuracy=0.061915	lr=0.100000
Epoch[0] Batch [5350]	Speed: 1398.175539 samples/sec	accuracy=0.062599	lr=0.100000
Epoch[0] Batch [5400]	Speed: 1400.874774 samples/sec	accuracy=0.063264	lr=0.100000
Epoch[0] Batch [5450]	Speed: 1403.620486 samples/sec	accuracy=0.063908	lr=0.100000
Epoch[0] Batch [5500]	Speed: 1419.600593 samples/sec	accuracy=0.064632	lr=0.100000
Epoch[0] Batch [5550]	Speed: 1417.388147 samples/sec	accuracy=0.065317	lr=0.100000
Epoch[0] Batch [5600]	Speed: 1429.506017 samples/sec	accuracy=0.065931	lr=0.100000
Epoch[0] Batch [5650]	Speed: 1429.291831 samples/sec	accuracy=0.066597	lr=0.100000
Epoch[0] Batch [5700]	Speed: 1397.500044 samples/sec	accuracy=0.067218	lr=0.100000
Epoch[0] Batch [5750]	Speed: 1397.009120 samples/sec	accuracy=0.067917	lr=0.100000
Epoch[0] Batch [5800]	Speed: 1393.667077 samples/sec	accuracy=0.068514	lr=0.100000
Epoch[0] Batch [5850]	Speed: 1389.622969 samples/sec	accuracy=0.069113	lr=0.100000
Epoch[0] Batch [5900]	Speed: 1410.627559 samples/sec	accuracy=0.069821	lr=0.100000
Epoch[0] Batch [5950]	Speed: 1453.709035 samples/sec	accuracy=0.070437	lr=0.100000
Epoch[0] Batch [6000]	Speed: 1424.921775 samples/sec	accuracy=0.071074	lr=0.100000
Epoch[0] Batch [6050]	Speed: 1410.332219 samples/sec	accuracy=0.071787	lr=0.100000
Epoch[0] Batch [6100]	Speed: 1416.777187 samples/sec	accuracy=0.072398	lr=0.100000
Epoch[0] Batch [6150]	Speed: 1399.815889 samples/sec	accuracy=0.073036	lr=0.100000
Epoch[0] Batch [6200]	Speed: 1395.459554 samples/sec	accuracy=0.073692	lr=0.100000
Epoch[0] Batch [6250]	Speed: 1406.068101 samples/sec	accuracy=0.074274	lr=0.100000
Epoch[0] Batch [6300]	Speed: 1406.832487 samples/sec	accuracy=0.074862	lr=0.100000
Epoch[0] Batch [6350]	Speed: 1411.429417 samples/sec	accuracy=0.075476	lr=0.100000
Epoch[0] Batch [6400]	Speed: 1411.011501 samples/sec	accuracy=0.076107	lr=0.100000
Epoch[0] Batch [6450]	Speed: 1419.006327 samples/sec	accuracy=0.076739	lr=0.100000
Epoch[0] Batch [6500]	Speed: 1396.330031 samples/sec	accuracy=0.077347	lr=0.100000
Epoch[0] Batch [6550]	Speed: 1400.995484 samples/sec	accuracy=0.077931	lr=0.100000
Epoch[0] Batch [6600]	Speed: 1422.734725 samples/sec	accuracy=0.078546	lr=0.100000
Epoch[0] Batch [6650]	Speed: 1428.701135 samples/sec	accuracy=0.079154	lr=0.100000
Epoch[0] Batch [6700]	Speed: 1424.238937 samples/sec	accuracy=0.079735	lr=0.100000
Epoch[0] Batch [6750]	Speed: 1414.102641 samples/sec	accuracy=0.080389	lr=0.100000
Epoch[0] Batch [6800]	Speed: 1419.399046 samples/sec	accuracy=0.081005	lr=0.100000
Epoch[0] Batch [6850]	Speed: 1428.725012 samples/sec	accuracy=0.081655	lr=0.100000
Epoch[0] Batch [6900]	Speed: 1422.007351 samples/sec	accuracy=0.082276	lr=0.100000
Epoch[0] Batch [6950]	Speed: 1439.976835 samples/sec	accuracy=0.082855	lr=0.100000
Epoch[0] Batch [7000]	Speed: 1426.706501 samples/sec	accuracy=0.083434	lr=0.100000
Epoch[0] Batch [7050]	Speed: 1428.047641 samples/sec	accuracy=0.084004	lr=0.100000
Epoch[0] Batch [7100]	Speed: 1416.299155 samples/sec	accuracy=0.084569	lr=0.100000
Epoch[0] Batch [7150]	Speed: 1426.838151 samples/sec	accuracy=0.085150	lr=0.100000
Epoch[0] Batch [7200]	Speed: 1435.598263 samples/sec	accuracy=0.085655	lr=0.100000
Epoch[0] Batch [7250]	Speed: 1425.377491 samples/sec	accuracy=0.086170	lr=0.100000
Epoch[0] Batch [7300]	Speed: 1446.959504 samples/sec	accuracy=0.086751	lr=0.100000
Epoch[0] Batch [7350]	Speed: 1450.254212 samples/sec	accuracy=0.087286	lr=0.100000
Epoch[0] Batch [7400]	Speed: 1440.027123 samples/sec	accuracy=0.087824	lr=0.100000
Epoch[0] Batch [7450]	Speed: 1437.331346 samples/sec	accuracy=0.088492	lr=0.100000
Epoch[0] Batch [7500]	Speed: 1416.027728 samples/sec	accuracy=0.089055	lr=0.100000
Epoch[0] Batch [7550]	Speed: 1434.801232 samples/sec	accuracy=0.089633	lr=0.100000
Epoch[0] Batch [7600]	Speed: 1427.404991 samples/sec	accuracy=0.090227	lr=0.100000
Epoch[0] Batch [7650]	Speed: 1457.674992 samples/sec	accuracy=0.090802	lr=0.100000
Epoch[0] Batch [7700]	Speed: 1456.442316 samples/sec	accuracy=0.091384	lr=0.100000
Epoch[0] Batch [7750]	Speed: 1439.759577 samples/sec	accuracy=0.091948	lr=0.100000
Epoch[0] Batch [7800]	Speed: 1420.893050 samples/sec	accuracy=0.092449	lr=0.100000
Epoch[0] Batch [7850]	Speed: 1396.269021 samples/sec	accuracy=0.092977	lr=0.100000
Epoch[0] Batch [7900]	Speed: 1390.796321 samples/sec	accuracy=0.093504	lr=0.100000
Epoch[0] Batch [7950]	Speed: 1395.186121 samples/sec	accuracy=0.094030	lr=0.100000
Epoch[0] Batch [8000]	Speed: 1425.465368 samples/sec	accuracy=0.094603	lr=0.100000
Epoch[0] Batch [8050]	Speed: 1428.448346 samples/sec	accuracy=0.095149	lr=0.100000
Epoch[0] Batch [8100]	Speed: 1359.387121 samples/sec	accuracy=0.095668	lr=0.100000
Epoch[0] Batch [8150]	Speed: 1408.105187 samples/sec	accuracy=0.096206	lr=0.100000
Epoch[0] Batch [8200]	Speed: 1402.752187 samples/sec	accuracy=0.096754	lr=0.100000
Epoch[0] Batch [8250]	Speed: 1410.717557 samples/sec	accuracy=0.097326	lr=0.100000
Epoch[0] Batch [8300]	Speed: 1406.992795 samples/sec	accuracy=0.097878	lr=0.100000
Epoch[0] Batch [8350]	Speed: 1408.543261 samples/sec	accuracy=0.098377	lr=0.100000
Epoch[0] Batch [8400]	Speed: 1396.923334 samples/sec	accuracy=0.098890	lr=0.100000
Epoch[0] Batch [8450]	Speed: 1413.668623 samples/sec	accuracy=0.099457	lr=0.100000
Epoch[0] Batch [8500]	Speed: 1413.433852 samples/sec	accuracy=0.099951	lr=0.100000
Epoch[0] Batch [8550]	Speed: 1426.853926 samples/sec	accuracy=0.100496	lr=0.100000
Epoch[0] Batch [8600]	Speed: 1419.073390 samples/sec	accuracy=0.101038	lr=0.100000
Epoch[0] Batch [8650]	Speed: 1426.651832 samples/sec	accuracy=0.101566	lr=0.100000
Epoch[0] Batch [8700]	Speed: 1431.437347 samples/sec	accuracy=0.102075	lr=0.100000
Epoch[0] Batch [8750]	Speed: 1391.168820 samples/sec	accuracy=0.102586	lr=0.100000
Epoch[0] Batch [8800]	Speed: 1447.739182 samples/sec	accuracy=0.103109	lr=0.100000
Epoch[0] Batch [8850]	Speed: 1434.665426 samples/sec	accuracy=0.103618	lr=0.100000
Epoch[0] Batch [8900]	Speed: 1440.412552 samples/sec	accuracy=0.104156	lr=0.100000
Epoch[0] Batch [8950]	Speed: 1427.571996 samples/sec	accuracy=0.104689	lr=0.100000
Epoch[0] Batch [9000]	Speed: 1438.046675 samples/sec	accuracy=0.105161	lr=0.100000
Epoch[0] Batch [9050]	Speed: 1426.088847 samples/sec	accuracy=0.105671	lr=0.100000
Epoch[0] Batch [9100]	Speed: 1407.849813 samples/sec	accuracy=0.106154	lr=0.100000
Epoch[0] Batch [9150]	Speed: 1419.061687 samples/sec	accuracy=0.106610	lr=0.100000
Epoch[0] Batch [9200]	Speed: 1412.054565 samples/sec	accuracy=0.107052	lr=0.100000
Epoch[0] Batch [9250]	Speed: 1293.313129 samples/sec	accuracy=0.107549	lr=0.100000
Epoch[0] Batch [9300]	Speed: 1281.163288 samples/sec	accuracy=0.108054	lr=0.100000
Epoch[0] Batch [9350]	Speed: 1317.345515 samples/sec	accuracy=0.108565	lr=0.100000
Epoch[0] Batch [9400]	Speed: 1310.585934 samples/sec	accuracy=0.109060	lr=0.100000
Epoch[0] Batch [9450]	Speed: 1318.087970 samples/sec	accuracy=0.109525	lr=0.100000
Epoch[0] Batch [9500]	Speed: 1319.091076 samples/sec	accuracy=0.109998	lr=0.100000
Epoch[0] Batch [9550]	Speed: 1349.202510 samples/sec	accuracy=0.110483	lr=0.100000
Epoch[0] Batch [9600]	Speed: 1479.557933 samples/sec	accuracy=0.110984	lr=0.100000
Epoch[0] Batch [9650]	Speed: 1438.203233 samples/sec	accuracy=0.111460	lr=0.100000
Epoch[0] Batch [9700]	Speed: 1441.887786 samples/sec	accuracy=0.111894	lr=0.100000
Epoch[0] Batch [9750]	Speed: 1407.465007 samples/sec	accuracy=0.112365	lr=0.100000
Epoch[0] Batch [9800]	Speed: 1336.280342 samples/sec	accuracy=0.112817	lr=0.100000
Epoch[0] Batch [9850]	Speed: 1132.310780 samples/sec	accuracy=0.113247	lr=0.100000
Epoch[0] Batch [9900]	Speed: 1137.444976 samples/sec	accuracy=0.113712	lr=0.100000
Epoch[0] Batch [9950]	Speed: 1151.877450 samples/sec	accuracy=0.114224	lr=0.100000
Epoch[0] Batch [10000]	Speed: 1248.242710 samples/sec	accuracy=0.114666	lr=0.100000
Epoch[0] Batch [10009]	Speed: 1152.860597 samples/sec	accuracy=0.114759	lr=0.100000
DALI iterator does not support resetting while epoch is not finished. Ignoring...
[Epoch 0] training: accuracy=0.114759
[Epoch 0] speed: 1358 samples/sec	time cost: 942.861518
[Epoch 0] validation: err-top1=0.770940 err-top5=0.527234
Epoch[1] Batch [50]	Speed: 1426.217806 samples/sec	accuracy=0.198125	lr=0.100000
Epoch[1] Batch [100]	Speed: 1408.187328 samples/sec	accuracy=0.203281	lr=0.100000
Epoch[1] Batch [150]	Speed: 1437.116425 samples/sec	accuracy=0.207083	lr=0.100000
Epoch[1] Batch [200]	Speed: 1417.865792 samples/sec	accuracy=0.208125	lr=0.100000
Epoch[1] Batch [250]	Speed: 1427.701375 samples/sec	accuracy=0.207375	lr=0.100000
Epoch[1] Batch [300]	Speed: 1427.468828 samples/sec	accuracy=0.206302	lr=0.100000
Epoch[1] Batch [350]	Speed: 1442.807009 samples/sec	accuracy=0.206518	lr=0.100000
Epoch[1] Batch [400]	Speed: 1428.508551 samples/sec	accuracy=0.208066	lr=0.100000
Epoch[1] Batch [450]	Speed: 1414.636891 samples/sec	accuracy=0.208194	lr=0.100000
Epoch[1] Batch [500]	Speed: 1404.256365 samples/sec	accuracy=0.207609	lr=0.100000
Epoch[1] Batch [550]	Speed: 1419.655625 samples/sec	accuracy=0.208523	lr=0.100000
Epoch[1] Batch [600]	Speed: 1267.468085 samples/sec	accuracy=0.209063	lr=0.100000
Epoch[1] Batch [650]	Speed: 1254.103884 samples/sec	accuracy=0.209303	lr=0.100000
Epoch[1] Batch [700]	Speed: 1300.334908 samples/sec	accuracy=0.210379	lr=0.100000
Epoch[1] Batch [750]	Speed: 1298.157600 samples/sec	accuracy=0.210823	lr=0.100000
Epoch[1] Batch [800]	Speed: 1312.712464 samples/sec	accuracy=0.210996	lr=0.100000
Epoch[1] Batch [850]	Speed: 1321.197327 samples/sec	accuracy=0.211278	lr=0.100000
Epoch[1] Batch [900]	Speed: 1357.367100 samples/sec	accuracy=0.211675	lr=0.100000
Epoch[1] Batch [950]	Speed: 1393.367006 samples/sec	accuracy=0.211891	lr=0.100000
Epoch[1] Batch [1000]	Speed: 1404.654779 samples/sec	accuracy=0.212508	lr=0.100000
Epoch[1] Batch [1050]	Speed: 1275.727444 samples/sec	accuracy=0.212336	lr=0.100000
Epoch[1] Batch [1100]	Speed: 1350.379553 samples/sec	accuracy=0.212962	lr=0.100000
Epoch[1] Batch [1150]	Speed: 1407.181244 samples/sec	accuracy=0.213519	lr=0.100000
Epoch[1] Batch [1200]	Speed: 1400.957462 samples/sec	accuracy=0.213730	lr=0.100000
Epoch[1] Batch [1250]	Speed: 1399.357694 samples/sec	accuracy=0.214225	lr=0.100000
Epoch[1] Batch [1300]	Speed: 1398.185152 samples/sec	accuracy=0.214291	lr=0.100000
Epoch[1] Batch [1350]	Speed: 1407.902904 samples/sec	accuracy=0.214792	lr=0.100000
Epoch[1] Batch [1400]	Speed: 1383.404177 samples/sec	accuracy=0.214994	lr=0.100000
Epoch[1] Batch [1450]	Speed: 1384.075958 samples/sec	accuracy=0.215550	lr=0.100000
Epoch[1] Batch [1500]	Speed: 1390.369143 samples/sec	accuracy=0.216177	lr=0.100000
Epoch[1] Batch [1550]	Speed: 1392.013738 samples/sec	accuracy=0.216200	lr=0.100000
Epoch[1] Batch [1600]	Speed: 1393.391814 samples/sec	accuracy=0.216357	lr=0.100000
Epoch[1] Batch [1650]	Speed: 1391.471912 samples/sec	accuracy=0.216728	lr=0.100000
Epoch[1] Batch [1700]	Speed: 1396.761315 samples/sec	accuracy=0.216636	lr=0.100000
Epoch[1] Batch [1750]	Speed: 1398.068420 samples/sec	accuracy=0.216973	lr=0.100000
Epoch[1] Batch [1800]	Speed: 1419.798442 samples/sec	accuracy=0.217405	lr=0.100000
Epoch[1] Batch [1850]	Speed: 1421.568166 samples/sec	accuracy=0.217492	lr=0.100000
Epoch[1] Batch [1900]	Speed: 1412.176913 samples/sec	accuracy=0.217636	lr=0.100000
Epoch[1] Batch [1950]	Speed: 1413.056773 samples/sec	accuracy=0.217925	lr=0.100000
Epoch[1] Batch [2000]	Speed: 1402.745444 samples/sec	accuracy=0.218160	lr=0.100000
Epoch[1] Batch [2050]	Speed: 1419.993416 samples/sec	accuracy=0.218445	lr=0.100000
Epoch[1] Batch [2100]	Speed: 1419.308013 samples/sec	accuracy=0.218772	lr=0.100000
Epoch[1] Batch [2150]	Speed: 1423.581062 samples/sec	accuracy=0.219084	lr=0.100000
Epoch[1] Batch [2200]	Speed: 1424.872763 samples/sec	accuracy=0.219173	lr=0.100000
Epoch[1] Batch [2250]	Speed: 1416.817792 samples/sec	accuracy=0.219344	lr=0.100000
Epoch[1] Batch [2300]	Speed: 1420.691888 samples/sec	accuracy=0.219409	lr=0.100000
Epoch[1] Batch [2350]	Speed: 1292.150945 samples/sec	accuracy=0.219528	lr=0.100000
Epoch[1] Batch [2400]	Speed: 1250.060683 samples/sec	accuracy=0.219609	lr=0.100000
Epoch[1] Batch [2450]	Speed: 1279.982849 samples/sec	accuracy=0.219805	lr=0.100000
Epoch[1] Batch [2500]	Speed: 1278.283737 samples/sec	accuracy=0.219897	lr=0.100000
Epoch[1] Batch [2550]	Speed: 1282.327467 samples/sec	accuracy=0.220138	lr=0.100000
Epoch[1] Batch [2600]	Speed: 1269.100686 samples/sec	accuracy=0.220222	lr=0.100000
Epoch[1] Batch [2650]	Speed: 1266.243267 samples/sec	accuracy=0.220504	lr=0.100000
Epoch[1] Batch [2700]	Speed: 1317.022738 samples/sec	accuracy=0.220599	lr=0.100000
Epoch[1] Batch [2750]	Speed: 1431.089207 samples/sec	accuracy=0.220943	lr=0.100000
Epoch[1] Batch [2800]	Speed: 1425.414200 samples/sec	accuracy=0.221261	lr=0.100000
Epoch[1] Batch [2850]	Speed: 1403.407970 samples/sec	accuracy=0.221521	lr=0.100000
Epoch[1] Batch [2900]	Speed: 1395.510916 samples/sec	accuracy=0.221872	lr=0.100000
Epoch[1] Batch [2950]	Speed: 1400.361020 samples/sec	accuracy=0.222142	lr=0.100000
Epoch[1] Batch [3000]	Speed: 1392.126861 samples/sec	accuracy=0.222380	lr=0.100000
Epoch[1] Batch [3050]	Speed: 1358.465279 samples/sec	accuracy=0.222623	lr=0.100000
Epoch[1] Batch [3100]	Speed: 1363.013047 samples/sec	accuracy=0.222694	lr=0.100000
Epoch[1] Batch [3150]	Speed: 1403.005642 samples/sec	accuracy=0.222748	lr=0.100000
Epoch[1] Batch [3200]	Speed: 1403.174247 samples/sec	accuracy=0.222881	lr=0.100000
Epoch[1] Batch [3250]	Speed: 1395.277495 samples/sec	accuracy=0.223029	lr=0.100000
Epoch[1] Batch [3300]	Speed: 1401.669678 samples/sec	accuracy=0.223071	lr=0.100000
Epoch[1] Batch [3350]	Speed: 1395.308028 samples/sec	accuracy=0.223125	lr=0.100000
Epoch[1] Batch [3400]	Speed: 1386.196576 samples/sec	accuracy=0.223366	lr=0.100000
Epoch[1] Batch [3450]	Speed: 1391.776506 samples/sec	accuracy=0.223623	lr=0.100000
Epoch[1] Batch [3500]	Speed: 1414.986395 samples/sec	accuracy=0.223844	lr=0.100000
Epoch[1] Batch [3550]	Speed: 1409.905547 samples/sec	accuracy=0.223906	lr=0.100000
Epoch[1] Batch [3600]	Speed: 1393.351456 samples/sec	accuracy=0.224201	lr=0.100000
Epoch[1] Batch [3650]	Speed: 1406.961380 samples/sec	accuracy=0.224362	lr=0.100000
Epoch[1] Batch [3700]	Speed: 1411.794341 samples/sec	accuracy=0.224666	lr=0.100000
Epoch[1] Batch [3750]	Speed: 1402.857752 samples/sec	accuracy=0.224831	lr=0.100000
Epoch[1] Batch [3800]	Speed: 1423.176744 samples/sec	accuracy=0.224836	lr=0.100000
Epoch[1] Batch [3850]	Speed: 1423.586875 samples/sec	accuracy=0.224992	lr=0.100000
Epoch[1] Batch [3900]	Speed: 1418.093422 samples/sec	accuracy=0.225246	lr=0.100000
Epoch[1] Batch [3950]	Speed: 1414.127001 samples/sec	accuracy=0.225350	lr=0.100000
Epoch[1] Batch [4000]	Speed: 1400.458480 samples/sec	accuracy=0.225379	lr=0.100000
Epoch[1] Batch [4050]	Speed: 1376.587211 samples/sec	accuracy=0.225463	lr=0.100000
Epoch[1] Batch [4100]	Speed: 1396.644895 samples/sec	accuracy=0.225671	lr=0.100000
Epoch[1] Batch [4150]	Speed: 1399.985846 samples/sec	accuracy=0.225896	lr=0.100000
Epoch[1] Batch [4200]	Speed: 1418.690823 samples/sec	accuracy=0.226071	lr=0.100000
Epoch[1] Batch [4250]	Speed: 1413.668251 samples/sec	accuracy=0.226268	lr=0.100000
Epoch[1] Batch [4300]	Speed: 1418.895768 samples/sec	accuracy=0.226354	lr=0.100000
Epoch[1] Batch [4350]	Speed: 1422.234354 samples/sec	accuracy=0.226543	lr=0.100000
Epoch[1] Batch [4400]	Speed: 1379.545867 samples/sec	accuracy=0.226715	lr=0.100000
Epoch[1] Batch [4450]	Speed: 1395.893205 samples/sec	accuracy=0.226845	lr=0.100000
Epoch[1] Batch [4500]	Speed: 1398.024005 samples/sec	accuracy=0.226931	lr=0.100000
Epoch[1] Batch [4550]	Speed: 1387.068360 samples/sec	accuracy=0.227129	lr=0.100000
Epoch[1] Batch [4600]	Speed: 1442.387978 samples/sec	accuracy=0.227332	lr=0.100000
Epoch[1] Batch [4650]	Speed: 1452.942103 samples/sec	accuracy=0.227483	lr=0.100000
Epoch[1] Batch [4700]	Speed: 1453.604810 samples/sec	accuracy=0.227738	lr=0.100000
Epoch[1] Batch [4750]	Speed: 1431.589721 samples/sec	accuracy=0.227941	lr=0.100000
Epoch[1] Batch [4800]	Speed: 1450.836991 samples/sec	accuracy=0.228122	lr=0.100000
Epoch[1] Batch [4850]	Speed: 1448.382224 samples/sec	accuracy=0.228255	lr=0.100000
Epoch[1] Batch [4900]	Speed: 1450.165445 samples/sec	accuracy=0.228420	lr=0.100000
Epoch[1] Batch [4950]	Speed: 1432.248602 samples/sec	accuracy=0.228632	lr=0.100000
Epoch[1] Batch [5000]	Speed: 1446.418959 samples/sec	accuracy=0.228827	lr=0.100000
Epoch[1] Batch [5050]	Speed: 1449.376734 samples/sec	accuracy=0.229035	lr=0.100000
Epoch[1] Batch [5100]	Speed: 1426.436605 samples/sec	accuracy=0.229116	lr=0.100000
Epoch[1] Batch [5150]	Speed: 1439.567011 samples/sec	accuracy=0.229235	lr=0.100000
Epoch[1] Batch [5200]	Speed: 1439.397112 samples/sec	accuracy=0.229377	lr=0.100000
Epoch[1] Batch [5250]	Speed: 1449.322582 samples/sec	accuracy=0.229491	lr=0.100000
Epoch[1] Batch [5300]	Speed: 1439.612948 samples/sec	accuracy=0.229720	lr=0.100000
Epoch[1] Batch [5350]	Speed: 1441.334074 samples/sec	accuracy=0.229858	lr=0.100000
Epoch[1] Batch [5400]	Speed: 1430.906581 samples/sec	accuracy=0.230019	lr=0.100000
Epoch[1] Batch [5450]	Speed: 1423.675287 samples/sec	accuracy=0.230278	lr=0.100000
Epoch[1] Batch [5500]	Speed: 1448.883023 samples/sec	accuracy=0.230541	lr=0.100000
Epoch[1] Batch [5550]	Speed: 1446.349130 samples/sec	accuracy=0.230704	lr=0.100000
Epoch[1] Batch [5600]	Speed: 1447.969634 samples/sec	accuracy=0.230897	lr=0.100000
Epoch[1] Batch [5650]	Speed: 1427.328486 samples/sec	accuracy=0.231081	lr=0.100000
Epoch[1] Batch [5700]	Speed: 1411.922585 samples/sec	accuracy=0.231197	lr=0.100000
Epoch[1] Batch [5750]	Speed: 1414.030162 samples/sec	accuracy=0.231303	lr=0.100000
Epoch[1] Batch [5800]	Speed: 1409.803880 samples/sec	accuracy=0.231445	lr=0.100000
Epoch[1] Batch [5850]	Speed: 1415.652773 samples/sec	accuracy=0.231542	lr=0.100000
Epoch[1] Batch [5900]	Speed: 1421.550475 samples/sec	accuracy=0.231728	lr=0.100000
Epoch[1] Batch [5950]	Speed: 1420.735199 samples/sec	accuracy=0.231874	lr=0.100000
Epoch[1] Batch [6000]	Speed: 1418.113125 samples/sec	accuracy=0.232057	lr=0.100000
Epoch[1] Batch [6050]	Speed: 1409.214161 samples/sec	accuracy=0.232239	lr=0.100000
Epoch[1] Batch [6100]	Speed: 1390.489706 samples/sec	accuracy=0.232401	lr=0.100000
Epoch[1] Batch [6150]	Speed: 1394.189905 samples/sec	accuracy=0.232572	lr=0.100000
Epoch[1] Batch [6200]	Speed: 1405.821564 samples/sec	accuracy=0.232733	lr=0.100000
Epoch[1] Batch [6250]	Speed: 1363.038655 samples/sec	accuracy=0.232814	lr=0.100000
Epoch[1] Batch [6300]	Speed: 1424.724991 samples/sec	accuracy=0.232968	lr=0.100000
Epoch[1] Batch [6350]	Speed: 1451.411449 samples/sec	accuracy=0.233129	lr=0.100000
Epoch[1] Batch [6400]	Speed: 1435.413333 samples/sec	accuracy=0.233350	lr=0.100000
Epoch[1] Batch [6450]	Speed: 1418.278862 samples/sec	accuracy=0.233421	lr=0.100000
Epoch[1] Batch [6500]	Speed: 1387.655396 samples/sec	accuracy=0.233635	lr=0.100000
Epoch[1] Batch [6550]	Speed: 1419.273944 samples/sec	accuracy=0.233713	lr=0.100000
Epoch[1] Batch [6600]	Speed: 1446.795106 samples/sec	accuracy=0.233878	lr=0.100000
Epoch[1] Batch [6650]	Speed: 1419.133933 samples/sec	accuracy=0.233999	lr=0.100000
Epoch[1] Batch [6700]	Speed: 1446.713624 samples/sec	accuracy=0.234164	lr=0.100000
Epoch[1] Batch [6750]	Speed: 1441.151841 samples/sec	accuracy=0.234319	lr=0.100000
Epoch[1] Batch [6800]	Speed: 1424.785034 samples/sec	accuracy=0.234429	lr=0.100000
Epoch[1] Batch [6850]	Speed: 1430.967375 samples/sec	accuracy=0.234570	lr=0.100000
Epoch[1] Batch [6900]	Speed: 1438.877781 samples/sec	accuracy=0.234685	lr=0.100000
Epoch[1] Batch [6950]	Speed: 1417.104259 samples/sec	accuracy=0.234836	lr=0.100000
Epoch[1] Batch [7000]	Speed: 1429.464377 samples/sec	accuracy=0.234979	lr=0.100000
Epoch[1] Batch [7050]	Speed: 1425.636235 samples/sec	accuracy=0.235132	lr=0.100000
Epoch[1] Batch [7100]	Speed: 1424.242639 samples/sec	accuracy=0.235278	lr=0.100000
Epoch[1] Batch [7150]	Speed: 1419.086219 samples/sec	accuracy=0.235380	lr=0.100000
Epoch[1] Batch [7200]	Speed: 1417.449220 samples/sec	accuracy=0.235489	lr=0.100000
Epoch[1] Batch [7250]	Speed: 1423.722631 samples/sec	accuracy=0.235577	lr=0.100000
Epoch[1] Batch [7300]	Speed: 1425.068453 samples/sec	accuracy=0.235761	lr=0.100000
Epoch[1] Batch [7350]	Speed: 1416.417829 samples/sec	accuracy=0.235917	lr=0.100000
Epoch[1] Batch [7400]	Speed: 1427.051223 samples/sec	accuracy=0.236076	lr=0.100000
Epoch[1] Batch [7450]	Speed: 1414.455086 samples/sec	accuracy=0.236277	lr=0.100000
Epoch[1] Batch [7500]	Speed: 1430.084122 samples/sec	accuracy=0.236461	lr=0.100000
Epoch[1] Batch [7550]	Speed: 1426.872812 samples/sec	accuracy=0.236598	lr=0.100000
Epoch[1] Batch [7600]	Speed: 1415.441748 samples/sec	accuracy=0.236690	lr=0.100000
Epoch[1] Batch [7650]	Speed: 1429.658970 samples/sec	accuracy=0.236846	lr=0.100000
Epoch[1] Batch [7700]	Speed: 1423.652862 samples/sec	accuracy=0.237045	lr=0.100000
Epoch[1] Batch [7750]	Speed: 1425.846676 samples/sec	accuracy=0.237206	lr=0.100000
Epoch[1] Batch [7800]	Speed: 1416.284882 samples/sec	accuracy=0.237384	lr=0.100000
Epoch[1] Batch [7850]	Speed: 1427.994008 samples/sec	accuracy=0.237537	lr=0.100000
Epoch[1] Batch [7900]	Speed: 1415.195644 samples/sec	accuracy=0.237666	lr=0.100000
Epoch[1] Batch [7950]	Speed: 1423.088092 samples/sec	accuracy=0.237815	lr=0.100000
Epoch[1] Batch [8000]	Speed: 1361.181414 samples/sec	accuracy=0.237897	lr=0.100000
Epoch[1] Batch [8050]	Speed: 1308.797703 samples/sec	accuracy=0.238022	lr=0.100000
Epoch[1] Batch [8100]	Speed: 1343.999205 samples/sec	accuracy=0.238145	lr=0.100000
Epoch[1] Batch [8150]	Speed: 1381.622179 samples/sec	accuracy=0.238286	lr=0.100000
Epoch[1] Batch [8200]	Speed: 1409.711482 samples/sec	accuracy=0.238409	lr=0.100000
Epoch[1] Batch [8250]	Speed: 1409.240721 samples/sec	accuracy=0.238511	lr=0.100000
Epoch[1] Batch [8300]	Speed: 1408.951212 samples/sec	accuracy=0.238624	lr=0.100000
Epoch[1] Batch [8350]	Speed: 1396.799036 samples/sec	accuracy=0.238712	lr=0.100000
Epoch[1] Batch [8400]	Speed: 1392.667898 samples/sec	accuracy=0.238884	lr=0.100000
Epoch[1] Batch [8450]	Speed: 1383.617596 samples/sec	accuracy=0.239002	lr=0.100000
Epoch[1] Batch [8500]	Speed: 1394.610087 samples/sec	accuracy=0.239128	lr=0.100000
Epoch[1] Batch [8550]	Speed: 1411.893325 samples/sec	accuracy=0.239284	lr=0.100000
Epoch[1] Batch [8600]	Speed: 1380.633799 samples/sec	accuracy=0.239411	lr=0.100000
Epoch[1] Batch [8650]	Speed: 1381.501727 samples/sec	accuracy=0.239534	lr=0.100000
Epoch[1] Batch [8700]	Speed: 1379.688740 samples/sec	accuracy=0.239684	lr=0.100000
Epoch[1] Batch [8750]	Speed: 1389.565277 samples/sec	accuracy=0.239809	lr=0.100000
Epoch[1] Batch [8800]	Speed: 1374.948208 samples/sec	accuracy=0.239900	lr=0.100000
Epoch[1] Batch [8850]	Speed: 1387.971527 samples/sec	accuracy=0.240023	lr=0.100000
Epoch[1] Batch [8900]	Speed: 1374.217083 samples/sec	accuracy=0.240092	lr=0.100000
Epoch[1] Batch [8950]	Speed: 1238.121752 samples/sec	accuracy=0.240223	lr=0.100000
Epoch[1] Batch [9000]	Speed: 1327.549477 samples/sec	accuracy=0.240292	lr=0.100000
Epoch[1] Batch [9050]	Speed: 1409.267355 samples/sec	accuracy=0.240430	lr=0.100000
Epoch[1] Batch [9100]	Speed: 1390.484016 samples/sec	accuracy=0.240562	lr=0.100000
Epoch[1] Batch [9150]	Speed: 1410.998892 samples/sec	accuracy=0.240622	lr=0.100000
Epoch[1] Batch [9200]	Speed: 1416.848003 samples/sec	accuracy=0.240724	lr=0.100000
Epoch[1] Batch [9250]	Speed: 1412.528324 samples/sec	accuracy=0.240845	lr=0.100000
Epoch[1] Batch [9300]	Speed: 1413.018317 samples/sec	accuracy=0.241007	lr=0.100000
Epoch[1] Batch [9350]	Speed: 1407.396380 samples/sec	accuracy=0.241154	lr=0.100000
Epoch[1] Batch [9400]	Speed: 1412.703612 samples/sec	accuracy=0.241273	lr=0.100000
Epoch[1] Batch [9450]	Speed: 1399.965840 samples/sec	accuracy=0.241372	lr=0.100000
Epoch[1] Batch [9500]	Speed: 1445.675502 samples/sec	accuracy=0.241507	lr=0.100000
Epoch[1] Batch [9550]	Speed: 1441.177684 samples/sec	accuracy=0.241655	lr=0.100000
Epoch[1] Batch [9600]	Speed: 1429.599962 samples/sec	accuracy=0.241793	lr=0.100000
Epoch[1] Batch [9650]	Speed: 1410.250939 samples/sec	accuracy=0.241932	lr=0.100000
Epoch[1] Batch [9700]	Speed: 1417.653881 samples/sec	accuracy=0.242039	lr=0.100000
Epoch[1] Batch [9750]	Speed: 1420.825589 samples/sec	accuracy=0.242149	lr=0.100000
Epoch[1] Batch [9800]	Speed: 1390.113754 samples/sec	accuracy=0.242272	lr=0.100000
Epoch[1] Batch [9850]	Speed: 1420.826115 samples/sec	accuracy=0.242406	lr=0.100000
Epoch[1] Batch [9900]	Speed: 1423.935831 samples/sec	accuracy=0.242529	lr=0.100000
Epoch[1] Batch [9950]	Speed: 1413.480070 samples/sec	accuracy=0.242673	lr=0.100000
Epoch[1] Batch [10000]	Speed: 1422.366837 samples/sec	accuracy=0.242791	lr=0.100000
Epoch[1] Batch [10008]	Speed: 1266.133313 samples/sec	accuracy=0.242803	lr=0.100000
[Epoch 1] training: accuracy=0.242803
[Epoch 1] speed: 1399 samples/sec	time cost: 915.258785
[Epoch 1] validation: err-top1=0.703265 err-top5=0.446312
Epoch[2] Batch [50]	Speed: 1261.505457 samples/sec	accuracy=0.257500	lr=0.100000
Epoch[2] Batch [100]	Speed: 1382.104980 samples/sec	accuracy=0.256797	lr=0.100000
Epoch[2] Batch [150]	Speed: 1405.091517 samples/sec	accuracy=0.260729	lr=0.100000
Epoch[2] Batch [200]	Speed: 1398.500416 samples/sec	accuracy=0.260117	lr=0.100000
Epoch[2] Batch [250]	Speed: 1379.130885 samples/sec	accuracy=0.261906	lr=0.100000
Epoch[2] Batch [300]	Speed: 1385.548481 samples/sec	accuracy=0.261094	lr=0.100000
Epoch[2] Batch [350]	Speed: 1416.003377 samples/sec	accuracy=0.261317	lr=0.100000
Epoch[2] Batch [400]	Speed: 1407.506113 samples/sec	accuracy=0.262324	lr=0.100000
Epoch[2] Batch [450]	Speed: 1409.572759 samples/sec	accuracy=0.261858	lr=0.100000
Epoch[2] Batch [500]	Speed: 1405.622438 samples/sec	accuracy=0.262578	lr=0.100000
Epoch[2] Batch [550]	Speed: 1406.377720 samples/sec	accuracy=0.263466	lr=0.100000
Epoch[2] Batch [600]	Speed: 1400.039659 samples/sec	accuracy=0.263112	lr=0.100000
Epoch[2] Batch [650]	Speed: 1302.916624 samples/sec	accuracy=0.263329	lr=0.100000
Epoch[2] Batch [700]	Speed: 1245.716991 samples/sec	accuracy=0.263929	lr=0.100000
Epoch[2] Batch [750]	Speed: 1250.582842 samples/sec	accuracy=0.264417	lr=0.100000
Epoch[2] Batch [800]	Speed: 1293.313441 samples/sec	accuracy=0.265127	lr=0.100000
Epoch[2] Batch [850]	Speed: 1350.506189 samples/sec	accuracy=0.265653	lr=0.100000
Epoch[2] Batch [900]	Speed: 1355.482972 samples/sec	accuracy=0.265842	lr=0.100000
Epoch[2] Batch [950]	Speed: 1389.971880 samples/sec	accuracy=0.265765	lr=0.100000
Epoch[2] Batch [1000]	Speed: 1382.719301 samples/sec	accuracy=0.266148	lr=0.100000
Epoch[2] Batch [1050]	Speed: 1386.341547 samples/sec	accuracy=0.265484	lr=0.100000
Epoch[2] Batch [1100]	Speed: 1379.406638 samples/sec	accuracy=0.265632	lr=0.100000
Epoch[2] Batch [1150]	Speed: 1380.443661 samples/sec	accuracy=0.266121	lr=0.100000
Epoch[2] Batch [1200]	Speed: 1357.790513 samples/sec	accuracy=0.265866	lr=0.100000
Epoch[2] Batch [1250]	Speed: 1315.273686 samples/sec	accuracy=0.266338	lr=0.100000
Epoch[2] Batch [1300]	Speed: 1368.731771 samples/sec	accuracy=0.266316	lr=0.100000
Epoch[2] Batch [1350]	Speed: 1386.471652 samples/sec	accuracy=0.266539	lr=0.100000
Epoch[2] Batch [1400]	Speed: 1383.810178 samples/sec	accuracy=0.266708	lr=0.100000
Epoch[2] Batch [1450]	Speed: 1389.296090 samples/sec	accuracy=0.266880	lr=0.100000
Epoch[2] Batch [1500]	Speed: 1394.995434 samples/sec	accuracy=0.266536	lr=0.100000
Epoch[2] Batch [1550]	Speed: 1375.424100 samples/sec	accuracy=0.266593	lr=0.100000
Epoch[2] Batch [1600]	Speed: 1392.250618 samples/sec	accuracy=0.266802	lr=0.100000
Epoch[2] Batch [1650]	Speed: 1395.794492 samples/sec	accuracy=0.266709	lr=0.100000
Epoch[2] Batch [1700]	Speed: 1395.398330 samples/sec	accuracy=0.266641	lr=0.100000
Epoch[2] Batch [1750]	Speed: 1382.935572 samples/sec	accuracy=0.266683	lr=0.100000
Epoch[2] Batch [1800]	Speed: 1413.830492 samples/sec	accuracy=0.266784	lr=0.100000
Epoch[2] Batch [1850]	Speed: 1434.597800 samples/sec	accuracy=0.266883	lr=0.100000
Epoch[2] Batch [1900]	Speed: 1431.238149 samples/sec	accuracy=0.266850	lr=0.100000
Epoch[2] Batch [1950]	Speed: 1417.946829 samples/sec	accuracy=0.267212	lr=0.100000
Epoch[2] Batch [2000]	Speed: 1413.371413 samples/sec	accuracy=0.267367	lr=0.100000
Epoch[2] Batch [2050]	Speed: 1412.188874 samples/sec	accuracy=0.267679	lr=0.100000
Epoch[2] Batch [2100]	Speed: 1413.275347 samples/sec	accuracy=0.267887	lr=0.100000
Epoch[2] Batch [2150]	Speed: 1406.210186 samples/sec	accuracy=0.267900	lr=0.100000
Epoch[2] Batch [2200]	Speed: 1403.654909 samples/sec	accuracy=0.267997	lr=0.100000
Epoch[2] Batch [2250]	Speed: 1345.965095 samples/sec	accuracy=0.268149	lr=0.100000
Epoch[2] Batch [2300]	Speed: 1389.078401 samples/sec	accuracy=0.268098	lr=0.100000
Epoch[2] Batch [2350]	Speed: 1390.990330 samples/sec	accuracy=0.268029	lr=0.100000
Epoch[2] Batch [2400]	Speed: 1389.475081 samples/sec	accuracy=0.268255	lr=0.100000
Epoch[2] Batch [2450]	Speed: 1366.185601 samples/sec	accuracy=0.268425	lr=0.100000
Epoch[2] Batch [2500]	Speed: 1364.002063 samples/sec	accuracy=0.268503	lr=0.100000
Epoch[2] Batch [2550]	Speed: 1362.269668 samples/sec	accuracy=0.268575	lr=0.100000
Epoch[2] Batch [2600]	Speed: 1370.442100 samples/sec	accuracy=0.268543	lr=0.100000
Epoch[2] Batch [2650]	Speed: 1293.192007 samples/sec	accuracy=0.268573	lr=0.100000
Epoch[2] Batch [2700]	Speed: 1274.915178 samples/sec	accuracy=0.268527	lr=0.100000
Epoch[2] Batch [2750]	Speed: 1275.517704 samples/sec	accuracy=0.268815	lr=0.100000
Epoch[2] Batch [2800]	Speed: 1367.920867 samples/sec	accuracy=0.268744	lr=0.100000
Epoch[2] Batch [2850]	Speed: 1358.118398 samples/sec	accuracy=0.268791	lr=0.100000
Epoch[2] Batch [2900]	Speed: 1377.092355 samples/sec	accuracy=0.268863	lr=0.100000
Epoch[2] Batch [2950]	Speed: 1372.841549 samples/sec	accuracy=0.268845	lr=0.100000
Epoch[2] Batch [3000]	Speed: 1375.222642 samples/sec	accuracy=0.268953	lr=0.100000
Epoch[2] Batch [3050]	Speed: 1378.636140 samples/sec	accuracy=0.269191	lr=0.100000
Epoch[2] Batch [3100]	Speed: 1384.046628 samples/sec	accuracy=0.269138	lr=0.100000
Epoch[2] Batch [3150]	Speed: 1366.490772 samples/sec	accuracy=0.269142	lr=0.100000
Epoch[2] Batch [3200]	Speed: 1369.830808 samples/sec	accuracy=0.269106	lr=0.100000
Epoch[2] Batch [3250]	Speed: 1386.416872 samples/sec	accuracy=0.269077	lr=0.100000
Epoch[2] Batch [3300]	Speed: 1402.062086 samples/sec	accuracy=0.269124	lr=0.100000
Epoch[2] Batch [3350]	Speed: 1402.937449 samples/sec	accuracy=0.269123	lr=0.100000
Epoch[2] Batch [3400]	Speed: 1399.453847 samples/sec	accuracy=0.269072	lr=0.100000
Epoch[2] Batch [3450]	Speed: 1382.069970 samples/sec	accuracy=0.269130	lr=0.100000
Epoch[2] Batch [3500]	Speed: 1382.478178 samples/sec	accuracy=0.269230	lr=0.100000
Epoch[2] Batch [3550]	Speed: 1402.555763 samples/sec	accuracy=0.269406	lr=0.100000
Epoch[2] Batch [3600]	Speed: 1421.371028 samples/sec	accuracy=0.269564	lr=0.100000
Epoch[2] Batch [3650]	Speed: 1406.363352 samples/sec	accuracy=0.269709	lr=0.100000
Epoch[2] Batch [3700]	Speed: 1403.298728 samples/sec	accuracy=0.269679	lr=0.100000
Epoch[2] Batch [3750]	Speed: 1401.302507 samples/sec	accuracy=0.269696	lr=0.100000
Epoch[2] Batch [3800]	Speed: 1314.763733 samples/sec	accuracy=0.269692	lr=0.100000
Epoch[2] Batch [3850]	Speed: 1389.980229 samples/sec	accuracy=0.269690	lr=0.100000
Epoch[2] Batch [3900]	Speed: 1402.299687 samples/sec	accuracy=0.269764	lr=0.100000
Epoch[2] Batch [3950]	Speed: 1408.525449 samples/sec	accuracy=0.269636	lr=0.100000
Epoch[2] Batch [4000]	Speed: 1387.750593 samples/sec	accuracy=0.269623	lr=0.100000
Epoch[2] Batch [4050]	Speed: 1391.109703 samples/sec	accuracy=0.269674	lr=0.100000
Epoch[2] Batch [4100]	Speed: 1392.029764 samples/sec	accuracy=0.269768	lr=0.100000
Epoch[2] Batch [4150]	Speed: 1386.367895 samples/sec	accuracy=0.269844	lr=0.100000
Epoch[2] Batch [4200]	Speed: 1384.607825 samples/sec	accuracy=0.269860	lr=0.100000
Epoch[2] Batch [4250]	Speed: 1418.154781 samples/sec	accuracy=0.270068	lr=0.100000
Epoch[2] Batch [4300]	Speed: 1412.521040 samples/sec	accuracy=0.270056	lr=0.100000
Epoch[2] Batch [4350]	Speed: 1416.402732 samples/sec	accuracy=0.270219	lr=0.100000
Epoch[2] Batch [4400]	Speed: 1416.757446 samples/sec	accuracy=0.270328	lr=0.100000
Epoch[2] Batch [4450]	Speed: 1410.716222 samples/sec	accuracy=0.270277	lr=0.100000
Epoch[2] Batch [4500]	Speed: 1376.776994 samples/sec	accuracy=0.270330	lr=0.100000
Epoch[2] Batch [4550]	Speed: 1410.982575 samples/sec	accuracy=0.270491	lr=0.100000
Epoch[2] Batch [4600]	Speed: 1413.047624 samples/sec	accuracy=0.270532	lr=0.100000
Epoch[2] Batch [4650]	Speed: 1416.548558 samples/sec	accuracy=0.270601	lr=0.100000
Epoch[2] Batch [4700]	Speed: 1379.136058 samples/sec	accuracy=0.270710	lr=0.100000
Epoch[2] Batch [4750]	Speed: 1390.820893 samples/sec	accuracy=0.270799	lr=0.100000
Epoch[2] Batch [4800]	Speed: 1416.666153 samples/sec	accuracy=0.270775	lr=0.100000
Epoch[2] Batch [4850]	Speed: 1403.521118 samples/sec	accuracy=0.270892	lr=0.100000
Epoch[2] Batch [4900]	Speed: 1416.146432 samples/sec	accuracy=0.270949	lr=0.100000
Epoch[2] Batch [4950]	Speed: 1404.232711 samples/sec	accuracy=0.271040	lr=0.100000
Epoch[2] Batch [5000]	Speed: 1420.198513 samples/sec	accuracy=0.271067	lr=0.100000
Epoch[2] Batch [5050]	Speed: 1443.905940 samples/sec	accuracy=0.271002	lr=0.100000
Epoch[2] Batch [5100]	Speed: 1439.759191 samples/sec	accuracy=0.271051	lr=0.100000
Epoch[2] Batch [5150]	Speed: 1443.257089 samples/sec	accuracy=0.271053	lr=0.100000
Epoch[2] Batch [5200]	Speed: 1374.795330 samples/sec	accuracy=0.271127	lr=0.100000
Epoch[2] Batch [5250]	Speed: 1387.377125 samples/sec	accuracy=0.271223	lr=0.100000
Epoch[2] Batch [5300]	Speed: 1383.607183 samples/sec	accuracy=0.271340	lr=0.100000
Epoch[2] Batch [5350]	Speed: 1373.472257 samples/sec	accuracy=0.271311	lr=0.100000
Epoch[2] Batch [5400]	Speed: 1374.653539 samples/sec	accuracy=0.271335	lr=0.100000
Epoch[2] Batch [5450]	Speed: 1374.696411 samples/sec	accuracy=0.271504	lr=0.100000
Epoch[2] Batch [5500]	Speed: 1357.984079 samples/sec	accuracy=0.271609	lr=0.100000
Epoch[2] Batch [5550]	Speed: 1352.397210 samples/sec	accuracy=0.271706	lr=0.100000
Epoch[2] Batch [5600]	Speed: 1370.537959 samples/sec	accuracy=0.271713	lr=0.100000
Epoch[2] Batch [5650]	Speed: 1373.306640 samples/sec	accuracy=0.271710	lr=0.100000
Epoch[2] Batch [5700]	Speed: 1374.585258 samples/sec	accuracy=0.271765	lr=0.100000
Epoch[2] Batch [5750]	Speed: 1374.024418 samples/sec	accuracy=0.271793	lr=0.100000
Epoch[2] Batch [5800]	Speed: 1366.241437 samples/sec	accuracy=0.271891	lr=0.100000
Epoch[2] Batch [5850]	Speed: 1372.504973 samples/sec	accuracy=0.271960	lr=0.100000
Epoch[2] Batch [5900]	Speed: 1356.806023 samples/sec	accuracy=0.272128	lr=0.100000
Epoch[2] Batch [5950]	Speed: 1382.952743 samples/sec	accuracy=0.272136	lr=0.100000
Epoch[2] Batch [6000]	Speed: 1390.518589 samples/sec	accuracy=0.272211	lr=0.100000
Epoch[2] Batch [6050]	Speed: 1398.742642 samples/sec	accuracy=0.272344	lr=0.100000
Epoch[2] Batch [6100]	Speed: 1394.479608 samples/sec	accuracy=0.272367	lr=0.100000
Epoch[2] Batch [6150]	Speed: 1389.889260 samples/sec	accuracy=0.272417	lr=0.100000
Epoch[2] Batch [6200]	Speed: 1379.308046 samples/sec	accuracy=0.272405	lr=0.100000
Epoch[2] Batch [6250]	Speed: 1373.628356 samples/sec	accuracy=0.272332	lr=0.100000
Epoch[2] Batch [6300]	Speed: 1403.818237 samples/sec	accuracy=0.272336	lr=0.100000
Epoch[2] Batch [6350]	Speed: 1404.081771 samples/sec	accuracy=0.272355	lr=0.100000
Epoch[2] Batch [6400]	Speed: 1404.827457 samples/sec	accuracy=0.272460	lr=0.100000
Epoch[2] Batch [6450]	Speed: 1405.429550 samples/sec	accuracy=0.272564	lr=0.100000
Epoch[2] Batch [6500]	Speed: 1382.432683 samples/sec	accuracy=0.272644	lr=0.100000
Epoch[2] Batch [6550]	Speed: 1425.380367 samples/sec	accuracy=0.272742	lr=0.100000
Epoch[2] Batch [6600]	Speed: 1363.397609 samples/sec	accuracy=0.272783	lr=0.100000
Epoch[2] Batch [6650]	Speed: 1284.040854 samples/sec	accuracy=0.272874	lr=0.100000
Epoch[2] Batch [6700]	Speed: 1429.100610 samples/sec	accuracy=0.272954	lr=0.100000
Epoch[2] Batch [6750]	Speed: 1422.690840 samples/sec	accuracy=0.273016	lr=0.100000
Epoch[2] Batch [6800]	Speed: 1420.340462 samples/sec	accuracy=0.273130	lr=0.100000
Epoch[2] Batch [6850]	Speed: 1413.741139 samples/sec	accuracy=0.273221	lr=0.100000
Epoch[2] Batch [6900]	Speed: 1413.737714 samples/sec	accuracy=0.273284	lr=0.100000
Epoch[2] Batch [6950]	Speed: 1415.034580 samples/sec	accuracy=0.273352	lr=0.100000
Epoch[2] Batch [7000]	Speed: 1427.209494 samples/sec	accuracy=0.273334	lr=0.100000
Epoch[2] Batch [7050]	Speed: 1425.984454 samples/sec	accuracy=0.273351	lr=0.100000
Epoch[2] Batch [7100]	Speed: 1421.375995 samples/sec	accuracy=0.273346	lr=0.100000
Epoch[2] Batch [7150]	Speed: 1408.081330 samples/sec	accuracy=0.273408	lr=0.100000
Epoch[2] Batch [7200]	Speed: 1388.660252 samples/sec	accuracy=0.273423	lr=0.100000
Epoch[2] Batch [7250]	Speed: 1388.122181 samples/sec	accuracy=0.273470	lr=0.100000
Epoch[2] Batch [7300]	Speed: 1395.316949 samples/sec	accuracy=0.273500	lr=0.100000
Epoch[2] Batch [7350]	Speed: 1400.889980 samples/sec	accuracy=0.273530	lr=0.100000
Epoch[2] Batch [7400]	Speed: 1400.165557 samples/sec	accuracy=0.273609	lr=0.100000
Epoch[2] Batch [7450]	Speed: 1399.639260 samples/sec	accuracy=0.273666	lr=0.100000
Epoch[2] Batch [7500]	Speed: 1385.202644 samples/sec	accuracy=0.273732	lr=0.100000
Epoch[2] Batch [7550]	Speed: 1421.404520 samples/sec	accuracy=0.273758	lr=0.100000
Epoch[2] Batch [7600]	Speed: 1412.193925 samples/sec	accuracy=0.273808	lr=0.100000
Epoch[2] Batch [7650]	Speed: 1387.885915 samples/sec	accuracy=0.273868	lr=0.100000
Epoch[2] Batch [7700]	Speed: 1409.048244 samples/sec	accuracy=0.273964	lr=0.100000
Epoch[2] Batch [7750]	Speed: 1390.668716 samples/sec	accuracy=0.274044	lr=0.100000
Epoch[2] Batch [7800]	Speed: 1365.230147 samples/sec	accuracy=0.274098	lr=0.100000
Epoch[2] Batch [7850]	Speed: 1277.399459 samples/sec	accuracy=0.274193	lr=0.100000
Epoch[2] Batch [7900]	Speed: 1363.479119 samples/sec	accuracy=0.274185	lr=0.100000
Epoch[2] Batch [7950]	Speed: 1351.450460 samples/sec	accuracy=0.274252	lr=0.100000
Epoch[2] Batch [8000]	Speed: 1381.076402 samples/sec	accuracy=0.274292	lr=0.100000
Epoch[2] Batch [8050]	Speed: 1385.060555 samples/sec	accuracy=0.274341	lr=0.100000
Epoch[2] Batch [8100]	Speed: 1384.251179 samples/sec	accuracy=0.274407	lr=0.100000
Epoch[2] Batch [8150]	Speed: 1373.734292 samples/sec	accuracy=0.274469	lr=0.100000
Epoch[2] Batch [8200]	Speed: 1409.876593 samples/sec	accuracy=0.274488	lr=0.100000
Epoch[2] Batch [8250]	Speed: 1408.724067 samples/sec	accuracy=0.274531	lr=0.100000
Epoch[2] Batch [8300]	Speed: 1351.549669 samples/sec	accuracy=0.274615	lr=0.100000
Epoch[2] Batch [8350]	Speed: 1383.940451 samples/sec	accuracy=0.274611	lr=0.100000
Epoch[2] Batch [8400]	Speed: 1385.350481 samples/sec	accuracy=0.274678	lr=0.100000
Epoch[2] Batch [8450]	Speed: 1388.066624 samples/sec	accuracy=0.274759	lr=0.100000
Epoch[2] Batch [8500]	Speed: 1358.058346 samples/sec	accuracy=0.274861	lr=0.100000
Epoch[2] Batch [8550]	Speed: 1404.439745 samples/sec	accuracy=0.274887	lr=0.100000
Epoch[2] Batch [8600]	Speed: 1420.301083 samples/sec	accuracy=0.274933	lr=0.100000
Epoch[2] Batch [8650]	Speed: 1395.053505 samples/sec	accuracy=0.275068	lr=0.100000
Epoch[2] Batch [8700]	Speed: 1422.798748 samples/sec	accuracy=0.275112	lr=0.100000
Epoch[2] Batch [8750]	Speed: 1420.786484 samples/sec	accuracy=0.275204	lr=0.100000
Epoch[2] Batch [8800]	Speed: 1417.475117 samples/sec	accuracy=0.275299	lr=0.100000
Epoch[2] Batch [8850]	Speed: 1405.053641 samples/sec	accuracy=0.275333	lr=0.100000
Epoch[2] Batch [8900]	Speed: 1419.922135 samples/sec	accuracy=0.275391	lr=0.100000
Epoch[2] Batch [8950]	Speed: 1419.069189 samples/sec	accuracy=0.275374	lr=0.100000
Epoch[2] Batch [9000]	Speed: 1395.600592 samples/sec	accuracy=0.275432	lr=0.100000
Epoch[2] Batch [9050]	Speed: 1420.426818 samples/sec	accuracy=0.275473	lr=0.100000
Epoch[2] Batch [9100]	Speed: 1421.338440 samples/sec	accuracy=0.275540	lr=0.100000
Epoch[2] Batch [9150]	Speed: 1439.096470 samples/sec	accuracy=0.275534	lr=0.100000
Epoch[2] Batch [9200]	Speed: 1408.426863 samples/sec	accuracy=0.275563	lr=0.100000
Epoch[2] Batch [9250]	Speed: 1424.248231 samples/sec	accuracy=0.275594	lr=0.100000
Epoch[2] Batch [9300]	Speed: 1321.426913 samples/sec	accuracy=0.275690	lr=0.100000
Epoch[2] Batch [9350]	Speed: 1364.763085 samples/sec	accuracy=0.275775	lr=0.100000
Epoch[2] Batch [9400]	Speed: 1411.878547 samples/sec	accuracy=0.275795	lr=0.100000
Epoch[2] Batch [9450]	Speed: 1413.546985 samples/sec	accuracy=0.275871	lr=0.100000
Epoch[2] Batch [9500]	Speed: 1401.760805 samples/sec	accuracy=0.275938	lr=0.100000
Epoch[2] Batch [9550]	Speed: 1411.702202 samples/sec	accuracy=0.275959	lr=0.100000
Epoch[2] Batch [9600]	Speed: 1415.237874 samples/sec	accuracy=0.275986	lr=0.100000
Epoch[2] Batch [9650]	Speed: 1406.017210 samples/sec	accuracy=0.276030	lr=0.100000
Epoch[2] Batch [9700]	Speed: 1382.523747 samples/sec	accuracy=0.276077	lr=0.100000
Epoch[2] Batch [9750]	Speed: 1414.218042 samples/sec	accuracy=0.276063	lr=0.100000
Epoch[2] Batch [9800]	Speed: 1250.905813 samples/sec	accuracy=0.276096	lr=0.100000
Epoch[2] Batch [9850]	Speed: 1152.479154 samples/sec	accuracy=0.276098	lr=0.100000
Epoch[2] Batch [9900]	Speed: 1153.389059 samples/sec	accuracy=0.276159	lr=0.100000
Epoch[2] Batch [9950]	Speed: 1160.740333 samples/sec	accuracy=0.276221	lr=0.100000
Epoch[2] Batch [10000]	Speed: 1291.042321 samples/sec	accuracy=0.276263	lr=0.100000
Epoch[2] Batch [10008]	Speed: 1169.067596 samples/sec	accuracy=0.276281	lr=0.100000
[Epoch 2] training: accuracy=0.276281
[Epoch 2] speed: 1381 samples/sec	time cost: 927.520306
[Epoch 2] validation: err-top1=0.670813 err-top5=0.404427
Training time for 3 epochs: 2856.781343 sec.
