Namespace(batch_norm=False, batch_size=32, batchnorm_layout='NCHW', conv_layout='NCHW', crop_ratio=0.875, dali_fuse_decoder=1, dali_nvjpeg_memory_padding=64, dali_prefetch_queue=2, dali_separ_val=False, dali_threads=3, dali_validation_threads=10, data_backend='mxnet', data_dir='/data/imagenet/train-480-val-256-recordio', data_pred=None, data_val_resize=256, dtype='float32', flag=1, hard_weight=0.5, image_shape=[3, 224, 224], input_layout='NCHW', input_size=224, kv_store='device', label_smoothing=False, last_gamma=False, log_interval=50, logging_file='train_imagenet.log', lr=0.1, lr_decay=0.1, lr_decay_epoch='40,60', lr_decay_period=0, lr_mode='step', mixup=False, mixup_alpha=0.2, mixup_off_epoch=0, mode=None, model='resnet18_v1', momentum=0.9, no_wd=False, num_epochs=3, num_examples=1281167, num_gpus=8, num_training_samples=1281167, num_workers=4, pooling_layout='NCHW', rec_train='/data/imagenet/train-480-val-256-recordio/train.rec', rec_train_idx='/data/imagenet/train-480-val-256-recordio/train.idx', rec_val='/data/imagenet/train-480-val-256-recordio/val.rec', rec_val_idx='/data/imagenet/train-480-val-256-recordio/val.idx', resume_epoch=0, resume_params='', resume_states='', rgb_mean=[123.68, 116.779, 103.939], rgb_std=[58.393, 57.12, 57.375], save_dir='params', save_frequency=10, teacher=None, temperature=20, use_gn=False, use_pretrained=False, use_rec=True, use_se=False, warmup_epochs=0, warmup_lr=0.0, wd=0.0001)
Epoch[0] Batch [50]	Speed: 1010.445098 samples/sec	accuracy=0.001641	lr=0.100000
Epoch[0] Batch [100]	Speed: 1307.541646 samples/sec	accuracy=0.002031	lr=0.100000
Epoch[0] Batch [150]	Speed: 1282.875157 samples/sec	accuracy=0.002474	lr=0.100000
Epoch[0] Batch [200]	Speed: 1299.125464 samples/sec	accuracy=0.003203	lr=0.100000
Epoch[0] Batch [250]	Speed: 1299.520928 samples/sec	accuracy=0.003844	lr=0.100000
Epoch[0] Batch [300]	Speed: 1303.359962 samples/sec	accuracy=0.004323	lr=0.100000
Epoch[0] Batch [350]	Speed: 1300.823042 samples/sec	accuracy=0.004810	lr=0.100000
Epoch[0] Batch [400]	Speed: 1310.975634 samples/sec	accuracy=0.005430	lr=0.100000
Epoch[0] Batch [450]	Speed: 1288.132181 samples/sec	accuracy=0.005816	lr=0.100000
Epoch[0] Batch [500]	Speed: 1292.800572 samples/sec	accuracy=0.006492	lr=0.100000
Epoch[0] Batch [550]	Speed: 1304.617093 samples/sec	accuracy=0.007038	lr=0.100000
Epoch[0] Batch [600]	Speed: 1309.304985 samples/sec	accuracy=0.007689	lr=0.100000
Epoch[0] Batch [650]	Speed: 1315.905264 samples/sec	accuracy=0.008341	lr=0.100000
Epoch[0] Batch [700]	Speed: 1304.551408 samples/sec	accuracy=0.009202	lr=0.100000
Epoch[0] Batch [750]	Speed: 1319.659955 samples/sec	accuracy=0.009969	lr=0.100000
Epoch[0] Batch [800]	Speed: 1330.033674 samples/sec	accuracy=0.010869	lr=0.100000
Epoch[0] Batch [850]	Speed: 1324.190372 samples/sec	accuracy=0.011778	lr=0.100000
Epoch[0] Batch [900]	Speed: 1317.022124 samples/sec	accuracy=0.012626	lr=0.100000
Epoch[0] Batch [950]	Speed: 1330.421180 samples/sec	accuracy=0.013516	lr=0.100000
Epoch[0] Batch [1000]	Speed: 1323.775542 samples/sec	accuracy=0.014344	lr=0.100000
Epoch[0] Batch [1050]	Speed: 1325.210281 samples/sec	accuracy=0.015179	lr=0.100000
Epoch[0] Batch [1100]	Speed: 1313.846769 samples/sec	accuracy=0.016168	lr=0.100000
Epoch[0] Batch [1150]	Speed: 1302.314697 samples/sec	accuracy=0.017157	lr=0.100000
Epoch[0] Batch [1200]	Speed: 1335.089855 samples/sec	accuracy=0.018125	lr=0.100000
Epoch[0] Batch [1250]	Speed: 1336.219013 samples/sec	accuracy=0.019069	lr=0.100000
Epoch[0] Batch [1300]	Speed: 1322.293685 samples/sec	accuracy=0.019895	lr=0.100000
Epoch[0] Batch [1350]	Speed: 1313.138663 samples/sec	accuracy=0.020897	lr=0.100000
Epoch[0] Batch [1400]	Speed: 1327.246881 samples/sec	accuracy=0.021911	lr=0.100000
Epoch[0] Batch [1450]	Speed: 1324.916696 samples/sec	accuracy=0.022934	lr=0.100000
Epoch[0] Batch [1500]	Speed: 1317.381396 samples/sec	accuracy=0.023987	lr=0.100000
Epoch[0] Batch [1550]	Speed: 1305.504960 samples/sec	accuracy=0.025035	lr=0.100000
Epoch[0] Batch [1600]	Speed: 1321.079086 samples/sec	accuracy=0.026089	lr=0.100000
Epoch[0] Batch [1650]	Speed: 1308.342496 samples/sec	accuracy=0.027048	lr=0.100000
Epoch[0] Batch [1700]	Speed: 1320.511418 samples/sec	accuracy=0.028182	lr=0.100000
Epoch[0] Batch [1750]	Speed: 1316.434760 samples/sec	accuracy=0.029145	lr=0.100000
Epoch[0] Batch [1800]	Speed: 1324.895018 samples/sec	accuracy=0.030221	lr=0.100000
Epoch[0] Batch [1850]	Speed: 1333.790108 samples/sec	accuracy=0.031254	lr=0.100000
Epoch[0] Batch [1900]	Speed: 1319.215477 samples/sec	accuracy=0.032340	lr=0.100000
Epoch[0] Batch [1950]	Speed: 1325.336102 samples/sec	accuracy=0.033337	lr=0.100000
Epoch[0] Batch [2000]	Speed: 1290.801291 samples/sec	accuracy=0.034518	lr=0.100000
Epoch[0] Batch [2050]	Speed: 1308.739605 samples/sec	accuracy=0.035553	lr=0.100000
Epoch[0] Batch [2100]	Speed: 1315.013120 samples/sec	accuracy=0.036886	lr=0.100000
Epoch[0] Batch [2150]	Speed: 1331.667692 samples/sec	accuracy=0.037920	lr=0.100000
Epoch[0] Batch [2200]	Speed: 1327.290916 samples/sec	accuracy=0.038990	lr=0.100000
Epoch[0] Batch [2250]	Speed: 1334.164157 samples/sec	accuracy=0.040028	lr=0.100000
Epoch[0] Batch [2300]	Speed: 1328.911981 samples/sec	accuracy=0.041099	lr=0.100000
Epoch[0] Batch [2350]	Speed: 1321.294452 samples/sec	accuracy=0.042136	lr=0.100000
Epoch[0] Batch [2400]	Speed: 1315.068233 samples/sec	accuracy=0.043239	lr=0.100000
Epoch[0] Batch [2450]	Speed: 1330.553069 samples/sec	accuracy=0.044318	lr=0.100000
Epoch[0] Batch [2500]	Speed: 1321.583116 samples/sec	accuracy=0.045441	lr=0.100000
Epoch[0] Batch [2550]	Speed: 1322.827098 samples/sec	accuracy=0.046558	lr=0.100000
Epoch[0] Batch [2600]	Speed: 1328.259150 samples/sec	accuracy=0.047632	lr=0.100000
Epoch[0] Batch [2650]	Speed: 1334.838040 samples/sec	accuracy=0.048800	lr=0.100000
Epoch[0] Batch [2700]	Speed: 1306.681315 samples/sec	accuracy=0.049925	lr=0.100000
Epoch[0] Batch [2750]	Speed: 1332.996963 samples/sec	accuracy=0.051061	lr=0.100000
Epoch[0] Batch [2800]	Speed: 1315.105311 samples/sec	accuracy=0.052280	lr=0.100000
Epoch[0] Batch [2850]	Speed: 1324.132336 samples/sec	accuracy=0.053462	lr=0.100000
Epoch[0] Batch [2900]	Speed: 1324.792067 samples/sec	accuracy=0.054628	lr=0.100000
Epoch[0] Batch [2950]	Speed: 1289.751556 samples/sec	accuracy=0.055821	lr=0.100000
Epoch[0] Batch [3000]	Speed: 1317.169209 samples/sec	accuracy=0.057044	lr=0.100000
Epoch[0] Batch [3050]	Speed: 1323.236277 samples/sec	accuracy=0.058242	lr=0.100000
Epoch[0] Batch [3100]	Speed: 1318.984714 samples/sec	accuracy=0.059413	lr=0.100000
Epoch[0] Batch [3150]	Speed: 1324.957699 samples/sec	accuracy=0.060496	lr=0.100000
Epoch[0] Batch [3200]	Speed: 1322.517723 samples/sec	accuracy=0.061608	lr=0.100000
Epoch[0] Batch [3250]	Speed: 1326.126770 samples/sec	accuracy=0.062808	lr=0.100000
Epoch[0] Batch [3300]	Speed: 1324.553565 samples/sec	accuracy=0.063906	lr=0.100000
Epoch[0] Batch [3350]	Speed: 1328.572761 samples/sec	accuracy=0.064990	lr=0.100000
Epoch[0] Batch [3400]	Speed: 1328.444124 samples/sec	accuracy=0.066087	lr=0.100000
Epoch[0] Batch [3450]	Speed: 1339.116395 samples/sec	accuracy=0.067226	lr=0.100000
Epoch[0] Batch [3500]	Speed: 1333.828116 samples/sec	accuracy=0.068346	lr=0.100000
Epoch[0] Batch [3550]	Speed: 1328.582756 samples/sec	accuracy=0.069460	lr=0.100000
Epoch[0] Batch [3600]	Speed: 1320.901194 samples/sec	accuracy=0.070613	lr=0.100000
Epoch[0] Batch [3650]	Speed: 1344.510712 samples/sec	accuracy=0.071718	lr=0.100000
Epoch[0] Batch [3700]	Speed: 1318.102436 samples/sec	accuracy=0.072800	lr=0.100000
Epoch[0] Batch [3750]	Speed: 1316.526183 samples/sec	accuracy=0.073870	lr=0.100000
Epoch[0] Batch [3800]	Speed: 1339.468172 samples/sec	accuracy=0.074955	lr=0.100000
Epoch[0] Batch [3850]	Speed: 1344.589575 samples/sec	accuracy=0.076119	lr=0.100000
Epoch[0] Batch [3900]	Speed: 1342.011508 samples/sec	accuracy=0.077227	lr=0.100000
Epoch[0] Batch [3950]	Speed: 1353.791935 samples/sec	accuracy=0.078348	lr=0.100000
Epoch[0] Batch [4000]	Speed: 1336.801833 samples/sec	accuracy=0.079474	lr=0.100000
Epoch[0] Batch [4050]	Speed: 1345.271438 samples/sec	accuracy=0.080557	lr=0.100000
Epoch[0] Batch [4100]	Speed: 1307.250616 samples/sec	accuracy=0.081629	lr=0.100000
Epoch[0] Batch [4150]	Speed: 1318.375170 samples/sec	accuracy=0.082791	lr=0.100000
Epoch[0] Batch [4200]	Speed: 1297.293832 samples/sec	accuracy=0.083816	lr=0.100000
Epoch[0] Batch [4250]	Speed: 1338.123135 samples/sec	accuracy=0.084933	lr=0.100000
Epoch[0] Batch [4300]	Speed: 1331.371998 samples/sec	accuracy=0.086006	lr=0.100000
Epoch[0] Batch [4350]	Speed: 1321.975902 samples/sec	accuracy=0.087078	lr=0.100000
Epoch[0] Batch [4400]	Speed: 1341.066877 samples/sec	accuracy=0.088093	lr=0.100000
Epoch[0] Batch [4450]	Speed: 1341.166677 samples/sec	accuracy=0.089171	lr=0.100000
Epoch[0] Batch [4500]	Speed: 1310.186201 samples/sec	accuracy=0.090227	lr=0.100000
Epoch[0] Batch [4550]	Speed: 1327.122305 samples/sec	accuracy=0.091294	lr=0.100000
Epoch[0] Batch [4600]	Speed: 1334.727565 samples/sec	accuracy=0.092374	lr=0.100000
Epoch[0] Batch [4650]	Speed: 1336.932394 samples/sec	accuracy=0.093382	lr=0.100000
Epoch[0] Batch [4700]	Speed: 1333.841471 samples/sec	accuracy=0.094418	lr=0.100000
Epoch[0] Batch [4750]	Speed: 1318.599339 samples/sec	accuracy=0.095433	lr=0.100000
Epoch[0] Batch [4800]	Speed: 1313.524227 samples/sec	accuracy=0.096468	lr=0.100000
Epoch[0] Batch [4850]	Speed: 1334.482487 samples/sec	accuracy=0.097475	lr=0.100000
Epoch[0] Batch [4900]	Speed: 1337.589748 samples/sec	accuracy=0.098492	lr=0.100000
Epoch[0] Batch [4950]	Speed: 1330.681225 samples/sec	accuracy=0.099483	lr=0.100000
Epoch[0] Batch [5000]	Speed: 1335.589119 samples/sec	accuracy=0.100500	lr=0.100000
Epoch[0] Batch [5004]	Speed: 1026.848969 samples/sec	accuracy=0.100603	lr=0.100000
[Epoch 0] training: accuracy=0.100603
[Epoch 0] speed: 1316 samples/sec	time cost: 972.731869
[Epoch 0] validation: err-top1=0.759108 err-top5=0.519352
Epoch[1] Batch [50]	Speed: 1309.712743 samples/sec	accuracy=0.207734	lr=0.100000
Epoch[1] Batch [100]	Speed: 1343.941001 samples/sec	accuracy=0.206094	lr=0.100000
Epoch[1] Batch [150]	Speed: 1339.091878 samples/sec	accuracy=0.205365	lr=0.100000
Epoch[1] Batch [200]	Speed: 1341.633985 samples/sec	accuracy=0.205547	lr=0.100000
Epoch[1] Batch [250]	Speed: 1323.991822 samples/sec	accuracy=0.206891	lr=0.100000
Epoch[1] Batch [300]	Speed: 1326.191861 samples/sec	accuracy=0.208190	lr=0.100000
Epoch[1] Batch [350]	Speed: 1345.962969 samples/sec	accuracy=0.209665	lr=0.100000
Epoch[1] Batch [400]	Speed: 1331.701913 samples/sec	accuracy=0.209854	lr=0.100000
Epoch[1] Batch [450]	Speed: 1325.519837 samples/sec	accuracy=0.210417	lr=0.100000
Epoch[1] Batch [500]	Speed: 1335.987815 samples/sec	accuracy=0.211094	lr=0.100000
Epoch[1] Batch [550]	Speed: 1319.781382 samples/sec	accuracy=0.211399	lr=0.100000
Epoch[1] Batch [600]	Speed: 1301.457127 samples/sec	accuracy=0.212051	lr=0.100000
Epoch[1] Batch [650]	Speed: 1339.494507 samples/sec	accuracy=0.212969	lr=0.100000
Epoch[1] Batch [700]	Speed: 1350.350547 samples/sec	accuracy=0.213823	lr=0.100000
Epoch[1] Batch [750]	Speed: 1320.576511 samples/sec	accuracy=0.215167	lr=0.100000
Epoch[1] Batch [800]	Speed: 1313.491576 samples/sec	accuracy=0.216201	lr=0.100000
Epoch[1] Batch [850]	Speed: 1343.130265 samples/sec	accuracy=0.216544	lr=0.100000
Epoch[1] Batch [900]	Speed: 1330.946223 samples/sec	accuracy=0.217018	lr=0.100000
Epoch[1] Batch [950]	Speed: 1314.529858 samples/sec	accuracy=0.217595	lr=0.100000
Epoch[1] Batch [1000]	Speed: 1318.632892 samples/sec	accuracy=0.218277	lr=0.100000
Epoch[1] Batch [1050]	Speed: 1341.450750 samples/sec	accuracy=0.218616	lr=0.100000
Epoch[1] Batch [1100]	Speed: 1346.142680 samples/sec	accuracy=0.219379	lr=0.100000
Epoch[1] Batch [1150]	Speed: 1336.069971 samples/sec	accuracy=0.219871	lr=0.100000
Epoch[1] Batch [1200]	Speed: 1331.000899 samples/sec	accuracy=0.220348	lr=0.100000
Epoch[1] Batch [1250]	Speed: 1343.377890 samples/sec	accuracy=0.221050	lr=0.100000
Epoch[1] Batch [1300]	Speed: 1326.865485 samples/sec	accuracy=0.221647	lr=0.100000
Epoch[1] Batch [1350]	Speed: 1316.525343 samples/sec	accuracy=0.222118	lr=0.100000
Epoch[1] Batch [1400]	Speed: 1334.298879 samples/sec	accuracy=0.222843	lr=0.100000
Epoch[1] Batch [1450]	Speed: 1324.693348 samples/sec	accuracy=0.223424	lr=0.100000
Epoch[1] Batch [1500]	Speed: 1331.979710 samples/sec	accuracy=0.223971	lr=0.100000
Epoch[1] Batch [1550]	Speed: 1325.502099 samples/sec	accuracy=0.224718	lr=0.100000
Epoch[1] Batch [1600]	Speed: 1348.074804 samples/sec	accuracy=0.225256	lr=0.100000
Epoch[1] Batch [1650]	Speed: 1334.785770 samples/sec	accuracy=0.225717	lr=0.100000
Epoch[1] Batch [1700]	Speed: 1344.460375 samples/sec	accuracy=0.226261	lr=0.100000
Epoch[1] Batch [1750]	Speed: 1337.830701 samples/sec	accuracy=0.226777	lr=0.100000
Epoch[1] Batch [1800]	Speed: 1332.974358 samples/sec	accuracy=0.227463	lr=0.100000
Epoch[1] Batch [1850]	Speed: 1334.412733 samples/sec	accuracy=0.227973	lr=0.100000
Epoch[1] Batch [1900]	Speed: 1327.049808 samples/sec	accuracy=0.228575	lr=0.100000
Epoch[1] Batch [1950]	Speed: 1311.515683 samples/sec	accuracy=0.229052	lr=0.100000
Epoch[1] Batch [2000]	Speed: 1326.321832 samples/sec	accuracy=0.229527	lr=0.100000
Epoch[1] Batch [2050]	Speed: 1327.036786 samples/sec	accuracy=0.230002	lr=0.100000
Epoch[1] Batch [2100]	Speed: 1334.959521 samples/sec	accuracy=0.230738	lr=0.100000
Epoch[1] Batch [2150]	Speed: 1323.897303 samples/sec	accuracy=0.231295	lr=0.100000
Epoch[1] Batch [2200]	Speed: 1334.739577 samples/sec	accuracy=0.231839	lr=0.100000
Epoch[1] Batch [2250]	Speed: 1345.059271 samples/sec	accuracy=0.232550	lr=0.100000
Epoch[1] Batch [2300]	Speed: 1329.582675 samples/sec	accuracy=0.233164	lr=0.100000
Epoch[1] Batch [2350]	Speed: 1341.829780 samples/sec	accuracy=0.233883	lr=0.100000
Epoch[1] Batch [2400]	Speed: 1329.912824 samples/sec	accuracy=0.234548	lr=0.100000
Epoch[1] Batch [2450]	Speed: 1330.578362 samples/sec	accuracy=0.235080	lr=0.100000
Epoch[1] Batch [2500]	Speed: 1329.530223 samples/sec	accuracy=0.235575	lr=0.100000
Epoch[1] Batch [2550]	Speed: 1344.225948 samples/sec	accuracy=0.236100	lr=0.100000
Epoch[1] Batch [2600]	Speed: 1338.986776 samples/sec	accuracy=0.236563	lr=0.100000
Epoch[1] Batch [2650]	Speed: 1312.811299 samples/sec	accuracy=0.237202	lr=0.100000
Epoch[1] Batch [2700]	Speed: 1334.053627 samples/sec	accuracy=0.237720	lr=0.100000
Epoch[1] Batch [2750]	Speed: 1322.400223 samples/sec	accuracy=0.238345	lr=0.100000
Epoch[1] Batch [2800]	Speed: 1331.460851 samples/sec	accuracy=0.238765	lr=0.100000
Epoch[1] Batch [2850]	Speed: 1325.374939 samples/sec	accuracy=0.239357	lr=0.100000
Epoch[1] Batch [2900]	Speed: 1338.572070 samples/sec	accuracy=0.239910	lr=0.100000
Epoch[1] Batch [2950]	Speed: 1333.417858 samples/sec	accuracy=0.240552	lr=0.100000
Epoch[1] Batch [3000]	Speed: 1340.013928 samples/sec	accuracy=0.240931	lr=0.100000
Epoch[1] Batch [3050]	Speed: 1325.472974 samples/sec	accuracy=0.241583	lr=0.100000
Epoch[1] Batch [3100]	Speed: 1325.015448 samples/sec	accuracy=0.242119	lr=0.100000
Epoch[1] Batch [3150]	Speed: 1329.696746 samples/sec	accuracy=0.242667	lr=0.100000
Epoch[1] Batch [3200]	Speed: 1314.998142 samples/sec	accuracy=0.243052	lr=0.100000
Epoch[1] Batch [3250]	Speed: 1341.439455 samples/sec	accuracy=0.243534	lr=0.100000
Epoch[1] Batch [3300]	Speed: 1319.235316 samples/sec	accuracy=0.244121	lr=0.100000
Epoch[1] Batch [3350]	Speed: 1336.022259 samples/sec	accuracy=0.244517	lr=0.100000
Epoch[1] Batch [3400]	Speed: 1303.525469 samples/sec	accuracy=0.244979	lr=0.100000
Epoch[1] Batch [3450]	Speed: 1325.030883 samples/sec	accuracy=0.245371	lr=0.100000
Epoch[1] Batch [3500]	Speed: 1330.089493 samples/sec	accuracy=0.245752	lr=0.100000
Epoch[1] Batch [3550]	Speed: 1310.260705 samples/sec	accuracy=0.246231	lr=0.100000
Epoch[1] Batch [3600]	Speed: 1345.629391 samples/sec	accuracy=0.246848	lr=0.100000
Epoch[1] Batch [3650]	Speed: 1343.978648 samples/sec	accuracy=0.247282	lr=0.100000
Epoch[1] Batch [3700]	Speed: 1331.987972 samples/sec	accuracy=0.247759	lr=0.100000
Epoch[1] Batch [3750]	Speed: 1345.235269 samples/sec	accuracy=0.248198	lr=0.100000
Epoch[1] Batch [3800]	Speed: 1319.957414 samples/sec	accuracy=0.248688	lr=0.100000
Epoch[1] Batch [3850]	Speed: 1330.145219 samples/sec	accuracy=0.249107	lr=0.100000
Epoch[1] Batch [3900]	Speed: 1336.506283 samples/sec	accuracy=0.249511	lr=0.100000
Epoch[1] Batch [3950]	Speed: 1334.697104 samples/sec	accuracy=0.249984	lr=0.100000
Epoch[1] Batch [4000]	Speed: 1348.383383 samples/sec	accuracy=0.250459	lr=0.100000
Epoch[1] Batch [4050]	Speed: 1343.109028 samples/sec	accuracy=0.250917	lr=0.100000
Epoch[1] Batch [4100]	Speed: 1334.020445 samples/sec	accuracy=0.251387	lr=0.100000
Epoch[1] Batch [4150]	Speed: 1346.977977 samples/sec	accuracy=0.251815	lr=0.100000
Epoch[1] Batch [4200]	Speed: 1317.048424 samples/sec	accuracy=0.252279	lr=0.100000
Epoch[1] Batch [4250]	Speed: 1308.560524 samples/sec	accuracy=0.252650	lr=0.100000
Epoch[1] Batch [4300]	Speed: 1294.836035 samples/sec	accuracy=0.253016	lr=0.100000
Epoch[1] Batch [4350]	Speed: 1325.542942 samples/sec	accuracy=0.253414	lr=0.100000
Epoch[1] Batch [4400]	Speed: 1336.894408 samples/sec	accuracy=0.253798	lr=0.100000
Epoch[1] Batch [4450]	Speed: 1332.803705 samples/sec	accuracy=0.254229	lr=0.100000
Epoch[1] Batch [4500]	Speed: 1346.814463 samples/sec	accuracy=0.254641	lr=0.100000
Epoch[1] Batch [4550]	Speed: 1358.806283 samples/sec	accuracy=0.255094	lr=0.100000
Epoch[1] Batch [4600]	Speed: 1335.524199 samples/sec	accuracy=0.255441	lr=0.100000
Epoch[1] Batch [4650]	Speed: 1328.971917 samples/sec	accuracy=0.255822	lr=0.100000
Epoch[1] Batch [4700]	Speed: 1320.664676 samples/sec	accuracy=0.256278	lr=0.100000
Epoch[1] Batch [4750]	Speed: 1318.139135 samples/sec	accuracy=0.256737	lr=0.100000
Epoch[1] Batch [4800]	Speed: 1329.450122 samples/sec	accuracy=0.257126	lr=0.100000
Epoch[1] Batch [4850]	Speed: 1316.987814 samples/sec	accuracy=0.257598	lr=0.100000
Epoch[1] Batch [4900]	Speed: 1320.375828 samples/sec	accuracy=0.258052	lr=0.100000
Epoch[1] Batch [4950]	Speed: 1299.852270 samples/sec	accuracy=0.258520	lr=0.100000
Epoch[1] Batch [5000]	Speed: 1326.022120 samples/sec	accuracy=0.258943	lr=0.100000
Epoch[1] Batch [5004]	Speed: 1029.527973 samples/sec	accuracy=0.258968	lr=0.100000
[Epoch 1] training: accuracy=0.258968
[Epoch 1] speed: 1329 samples/sec	time cost: 963.813539
[Epoch 1] validation: err-top1=0.664183 err-top5=0.400321
Epoch[2] Batch [50]	Speed: 1315.676948 samples/sec	accuracy=0.300312	lr=0.100000
Epoch[2] Batch [100]	Speed: 1324.682431 samples/sec	accuracy=0.302070	lr=0.100000
Epoch[2] Batch [150]	Speed: 1343.864636 samples/sec	accuracy=0.302891	lr=0.100000
Epoch[2] Batch [200]	Speed: 1346.137684 samples/sec	accuracy=0.301973	lr=0.100000
Epoch[2] Batch [250]	Speed: 1324.598304 samples/sec	accuracy=0.301828	lr=0.100000
Epoch[2] Batch [300]	Speed: 1335.444237 samples/sec	accuracy=0.302396	lr=0.100000
Epoch[2] Batch [350]	Speed: 1338.146882 samples/sec	accuracy=0.302757	lr=0.100000
Epoch[2] Batch [400]	Speed: 1328.501815 samples/sec	accuracy=0.302969	lr=0.100000
Epoch[2] Batch [450]	Speed: 1326.747964 samples/sec	accuracy=0.302535	lr=0.100000
Epoch[2] Batch [500]	Speed: 1315.378772 samples/sec	accuracy=0.302523	lr=0.100000
Epoch[2] Batch [550]	Speed: 1346.785846 samples/sec	accuracy=0.302223	lr=0.100000
Epoch[2] Batch [600]	Speed: 1330.878884 samples/sec	accuracy=0.302741	lr=0.100000
Epoch[2] Batch [650]	Speed: 1323.866094 samples/sec	accuracy=0.303726	lr=0.100000
Epoch[2] Batch [700]	Speed: 1316.959417 samples/sec	accuracy=0.304342	lr=0.100000
Epoch[2] Batch [750]	Speed: 1318.477515 samples/sec	accuracy=0.304859	lr=0.100000
Epoch[2] Batch [800]	Speed: 1324.131291 samples/sec	accuracy=0.305190	lr=0.100000
Epoch[2] Batch [850]	Speed: 1324.235478 samples/sec	accuracy=0.305643	lr=0.100000
Epoch[2] Batch [900]	Speed: 1337.943892 samples/sec	accuracy=0.306584	lr=0.100000
Epoch[2] Batch [950]	Speed: 1306.770751 samples/sec	accuracy=0.307113	lr=0.100000
Epoch[2] Batch [1000]	Speed: 1338.117799 samples/sec	accuracy=0.307168	lr=0.100000
Epoch[2] Batch [1050]	Speed: 1311.963931 samples/sec	accuracy=0.307496	lr=0.100000
Epoch[2] Batch [1100]	Speed: 1330.177648 samples/sec	accuracy=0.307887	lr=0.100000
Epoch[2] Batch [1150]	Speed: 1347.164179 samples/sec	accuracy=0.308437	lr=0.100000
Epoch[2] Batch [1200]	Speed: 1317.097666 samples/sec	accuracy=0.308516	lr=0.100000
Epoch[2] Batch [1250]	Speed: 1329.368910 samples/sec	accuracy=0.309206	lr=0.100000
Epoch[2] Batch [1300]	Speed: 1337.964832 samples/sec	accuracy=0.309543	lr=0.100000
Epoch[2] Batch [1350]	Speed: 1338.992820 samples/sec	accuracy=0.309661	lr=0.100000
Epoch[2] Batch [1400]	Speed: 1329.100559 samples/sec	accuracy=0.309802	lr=0.100000
Epoch[2] Batch [1450]	Speed: 1321.230492 samples/sec	accuracy=0.310032	lr=0.100000
Epoch[2] Batch [1500]	Speed: 1329.257824 samples/sec	accuracy=0.310172	lr=0.100000
Epoch[2] Batch [1550]	Speed: 1341.328856 samples/sec	accuracy=0.310575	lr=0.100000
Epoch[2] Batch [1600]	Speed: 1323.371672 samples/sec	accuracy=0.310530	lr=0.100000
Epoch[2] Batch [1650]	Speed: 1327.997159 samples/sec	accuracy=0.310658	lr=0.100000
Epoch[2] Batch [1700]	Speed: 1306.257866 samples/sec	accuracy=0.310749	lr=0.100000
Epoch[2] Batch [1750]	Speed: 1320.488098 samples/sec	accuracy=0.310839	lr=0.100000
Epoch[2] Batch [1800]	Speed: 1345.930576 samples/sec	accuracy=0.311133	lr=0.100000
Epoch[2] Batch [1850]	Speed: 1333.009805 samples/sec	accuracy=0.311368	lr=0.100000
Epoch[2] Batch [1900]	Speed: 1324.215652 samples/sec	accuracy=0.311433	lr=0.100000
Epoch[2] Batch [1950]	Speed: 1342.296946 samples/sec	accuracy=0.311516	lr=0.100000
Epoch[2] Batch [2000]	Speed: 1312.620287 samples/sec	accuracy=0.311564	lr=0.100000
Epoch[2] Batch [2050]	Speed: 1317.789251 samples/sec	accuracy=0.311698	lr=0.100000
Epoch[2] Batch [2100]	Speed: 1336.517596 samples/sec	accuracy=0.311855	lr=0.100000
Epoch[2] Batch [2150]	Speed: 1297.940044 samples/sec	accuracy=0.312093	lr=0.100000
Epoch[2] Batch [2200]	Speed: 1341.134883 samples/sec	accuracy=0.312356	lr=0.100000
Epoch[2] Batch [2250]	Speed: 1308.770009 samples/sec	accuracy=0.312495	lr=0.100000
Epoch[2] Batch [2300]	Speed: 1302.393173 samples/sec	accuracy=0.312565	lr=0.100000
Epoch[2] Batch [2350]	Speed: 1324.063104 samples/sec	accuracy=0.312723	lr=0.100000
Epoch[2] Batch [2400]	Speed: 1329.191445 samples/sec	accuracy=0.313008	lr=0.100000
Epoch[2] Batch [2450]	Speed: 1335.340969 samples/sec	accuracy=0.313367	lr=0.100000
Epoch[2] Batch [2500]	Speed: 1334.818426 samples/sec	accuracy=0.313567	lr=0.100000
Epoch[2] Batch [2550]	Speed: 1336.771310 samples/sec	accuracy=0.313703	lr=0.100000
Epoch[2] Batch [2600]	Speed: 1339.772322 samples/sec	accuracy=0.314004	lr=0.100000
Epoch[2] Batch [2650]	Speed: 1332.989417 samples/sec	accuracy=0.314195	lr=0.100000
Epoch[2] Batch [2700]	Speed: 1318.427555 samples/sec	accuracy=0.314303	lr=0.100000
Epoch[2] Batch [2750]	Speed: 1328.541265 samples/sec	accuracy=0.314489	lr=0.100000
Epoch[2] Batch [2800]	Speed: 1341.270481 samples/sec	accuracy=0.314459	lr=0.100000
Epoch[2] Batch [2850]	Speed: 1327.377847 samples/sec	accuracy=0.314598	lr=0.100000
Epoch[2] Batch [2900]	Speed: 1330.788162 samples/sec	accuracy=0.314809	lr=0.100000
Epoch[2] Batch [2950]	Speed: 1324.564153 samples/sec	accuracy=0.315024	lr=0.100000
Epoch[2] Batch [3000]	Speed: 1326.083401 samples/sec	accuracy=0.315292	lr=0.100000
Epoch[2] Batch [3050]	Speed: 1326.989028 samples/sec	accuracy=0.315412	lr=0.100000
Epoch[2] Batch [3100]	Speed: 1321.432573 samples/sec	accuracy=0.315502	lr=0.100000
Epoch[2] Batch [3150]	Speed: 1323.606224 samples/sec	accuracy=0.315708	lr=0.100000
Epoch[2] Batch [3200]	Speed: 1330.206848 samples/sec	accuracy=0.315944	lr=0.100000
Epoch[2] Batch [3250]	Speed: 1315.321345 samples/sec	accuracy=0.315983	lr=0.100000
Epoch[2] Batch [3300]	Speed: 1301.536383 samples/sec	accuracy=0.316132	lr=0.100000
Epoch[2] Batch [3350]	Speed: 1328.770846 samples/sec	accuracy=0.316407	lr=0.100000
Epoch[2] Batch [3400]	Speed: 1353.084733 samples/sec	accuracy=0.316519	lr=0.100000
Epoch[2] Batch [3450]	Speed: 1337.529066 samples/sec	accuracy=0.316663	lr=0.100000
Epoch[2] Batch [3500]	Speed: 1333.770756 samples/sec	accuracy=0.316926	lr=0.100000
Epoch[2] Batch [3550]	Speed: 1332.820480 samples/sec	accuracy=0.317230	lr=0.100000
Epoch[2] Batch [3600]	Speed: 1331.437605 samples/sec	accuracy=0.317401	lr=0.100000
Epoch[2] Batch [3650]	Speed: 1337.469155 samples/sec	accuracy=0.317549	lr=0.100000
Epoch[2] Batch [3700]	Speed: 1313.069195 samples/sec	accuracy=0.317762	lr=0.100000
Epoch[2] Batch [3750]	Speed: 1347.224522 samples/sec	accuracy=0.318015	lr=0.100000
Epoch[2] Batch [3800]	Speed: 1318.468805 samples/sec	accuracy=0.318275	lr=0.100000
Epoch[2] Batch [3850]	Speed: 1320.788367 samples/sec	accuracy=0.318514	lr=0.100000
Epoch[2] Batch [3900]	Speed: 1324.328249 samples/sec	accuracy=0.318690	lr=0.100000
Epoch[2] Batch [3950]	Speed: 1337.965832 samples/sec	accuracy=0.318851	lr=0.100000
Epoch[2] Batch [4000]	Speed: 1341.855738 samples/sec	accuracy=0.319010	lr=0.100000
Epoch[2] Batch [4050]	Speed: 1334.080777 samples/sec	accuracy=0.319091	lr=0.100000
Epoch[2] Batch [4100]	Speed: 1310.392050 samples/sec	accuracy=0.319259	lr=0.100000
Epoch[2] Batch [4150]	Speed: 1329.320688 samples/sec	accuracy=0.319539	lr=0.100000
Epoch[2] Batch [4200]	Speed: 1316.980900 samples/sec	accuracy=0.319739	lr=0.100000
Epoch[2] Batch [4250]	Speed: 1312.215208 samples/sec	accuracy=0.319849	lr=0.100000
Epoch[2] Batch [4300]	Speed: 1337.354779 samples/sec	accuracy=0.320074	lr=0.100000
Epoch[2] Batch [4350]	Speed: 1324.736724 samples/sec	accuracy=0.320163	lr=0.100000
Epoch[2] Batch [4400]	Speed: 1312.622373 samples/sec	accuracy=0.320376	lr=0.100000
Epoch[2] Batch [4450]	Speed: 1309.571887 samples/sec	accuracy=0.320561	lr=0.100000
Epoch[2] Batch [4500]	Speed: 1310.464690 samples/sec	accuracy=0.320706	lr=0.100000
Epoch[2] Batch [4550]	Speed: 1326.772227 samples/sec	accuracy=0.320860	lr=0.100000
Epoch[2] Batch [4600]	Speed: 1309.451820 samples/sec	accuracy=0.321032	lr=0.100000
Epoch[2] Batch [4650]	Speed: 1336.665839 samples/sec	accuracy=0.321305	lr=0.100000
Epoch[2] Batch [4700]	Speed: 1317.724174 samples/sec	accuracy=0.321472	lr=0.100000
Epoch[2] Batch [4750]	Speed: 1321.177624 samples/sec	accuracy=0.321683	lr=0.100000
Epoch[2] Batch [4800]	Speed: 1335.730643 samples/sec	accuracy=0.321831	lr=0.100000
Epoch[2] Batch [4850]	Speed: 1343.396580 samples/sec	accuracy=0.322003	lr=0.100000
Epoch[2] Batch [4900]	Speed: 1321.589005 samples/sec	accuracy=0.322156	lr=0.100000
Epoch[2] Batch [4950]	Speed: 1309.385456 samples/sec	accuracy=0.322346	lr=0.100000
Epoch[2] Batch [5000]	Speed: 1329.120268 samples/sec	accuracy=0.322565	lr=0.100000
Epoch[2] Batch [5003]	Speed: 935.469188 samples/sec	accuracy=0.322583	lr=0.100000
[Epoch 2] training: accuracy=0.322583
[Epoch 2] speed: 1326 samples/sec	time cost: 965.725687
[Epoch 2] validation: err-top1=0.609896 err-top5=0.342969
Training time for 3 epochs: 2961.055195 sec.
